Log file open, 12/26/22 22:23:42
LogWindows: Failed to load 'aqProf.dll' (GetLastError=126)
LogWindows: File 'aqProf.dll' does not exist
LogWindows: Failed to load 'VtuneApi.dll' (GetLastError=126)
LogWindows: File 'VtuneApi.dll' does not exist
LogWindows: Failed to load 'VtuneApi32e.dll' (GetLastError=126)
LogWindows: File 'VtuneApi32e.dll' does not exist
LogConsoleResponse: Display: Failed to find resolution value strings in scalability ini. Falling back to default.
LogConsoleResponse: Display: Failed to find resolution value strings in scalability ini. Falling back to default.
LogInit: Display: Running engine for game: SnakeGame
LogPlatformFile: Not using cached read wrapper
LogTaskGraph: Started task graph with 5 named threads and 35 total threads with 3 sets of task threads.
LogStats: Stats thread started at 0.247549
LogICUInternationalization: ICU TimeZone Detection - Raw Offset: +1:00, Platform Override: ''
LogInit: Display: Loading text-based GConfig....
LogPluginManager: Mounting plugin MeshPainting
LogPluginManager: Mounting plugin XGEController
LogPluginManager: Mounting plugin Paper2D
LogPluginManager: Mounting plugin LiveLink
LogPluginManager: Mounting plugin EnvironmentQueryEditor
LogPluginManager: Mounting plugin AISupport
LogPluginManager: Mounting plugin CameraShakePreviewer
LogPluginManager: Mounting plugin OodleData
LogPluginManager: Mounting plugin OodleNetwork
LogPluginManager: Mounting plugin AnimationSharing
LogPluginManager: Mounting plugin CLionSourceCodeAccess
LogPluginManager: Mounting plugin AssetManagerEditor
LogPluginManager: Mounting plugin DatasmithContent
LogPluginManager: Mounting plugin AlembicImporter
LogPluginManager: Mounting plugin AutomationUtils
LogPluginManager: Mounting plugin BackChannel
LogPluginManager: Mounting plugin ChaosCloth
LogPluginManager: Mounting plugin ChaosClothEditor
LogPluginManager: Mounting plugin ChaosEditor
LogPluginManager: Mounting plugin ChaosNiagara
LogPluginManager: Mounting plugin VariantManagerContent
LogPluginManager: Mounting plugin ChaosSolverPlugin
LogPluginManager: Mounting plugin CharacterAI
LogPluginManager: Mounting plugin CodeLiteSourceCodeAccess
LogPluginManager: Mounting plugin GitSourceControl
LogPluginManager: Mounting plugin KDevelopSourceCodeAccess
LogPluginManager: Mounting plugin CryptoKeys
LogPluginManager: Mounting plugin CurveEditorTools
LogPluginManager: Mounting plugin DataValidation
LogPluginManager: Mounting plugin NullSourceCodeAccess
LogPluginManager: Mounting plugin PerforceSourceControl
LogPluginManager: Mounting plugin PixWinPlugin
LogPluginManager: Mounting plugin FacialAnimation
LogPluginManager: Mounting plugin PlasticSourceControl
LogPluginManager: Mounting plugin PluginUtils
LogPluginManager: Mounting plugin PropertyAccessNode
LogPluginManager: Mounting plugin GameplayTagsEditor
LogPluginManager: Mounting plugin GeometryMode
LogPluginManager: Mounting plugin RiderSourceCodeAccess
LogPluginManager: Mounting plugin MacGraphicsSwitching
LogPluginManager: Mounting plugin SubversionSourceControl
LogPluginManager: Mounting plugin MaterialAnalyzer
LogPluginManager: Mounting plugin GeometryCache
LogPluginManager: Mounting plugin MobileLauncherProfileWizard
LogPluginManager: Mounting plugin TextureFormatOodle
LogPluginManager: Mounting plugin PluginBrowser
LogPluginManager: Mounting plugin GeometryCollectionPlugin
LogPluginManager: Mounting plugin UObjectPlugin
LogPluginManager: Mounting plugin VisualStudioCodeSourceCodeAccess
LogPluginManager: Mounting plugin SpeedTreeImporter
LogPluginManager: Mounting plugin VisualStudioSourceCodeAccess
LogPluginManager: Mounting plugin XCodeSourceCodeAccess
LogPluginManager: Mounting plugin GeometryProcessing
LogPluginManager: Mounting plugin MotoSynth
LogPluginManager: Mounting plugin OpenImageDenoise
LogPluginManager: Mounting plugin PlanarCut
LogPluginManager: Mounting plugin PlatformCrypto
LogPluginManager: Mounting plugin ProxyLODPlugin
LogPluginManager: Mounting plugin PythonScriptPlugin
LogPluginManager: Mounting plugin Niagara
LogPluginManager: Mounting plugin SkeletalReduction
LogPluginManager: Mounting plugin LuminPlatformFeatures
LogPluginManager: Mounting plugin MagicLeap
LogPluginManager: Mounting plugin MagicLeapLightEstimation
LogPluginManager: Mounting plugin MagicLeapMedia
LogPluginManager: Mounting plugin MagicLeapPassableWorld
LogPluginManager: Mounting plugin MLSDK
LogPluginManager: Mounting plugin AndroidMedia
LogPluginManager: Mounting plugin AvfMedia
LogPluginManager: Mounting plugin ImgMedia
LogPluginManager: Mounting plugin MediaCompositing
LogPluginManager: Mounting plugin TcpMessaging
LogPluginManager: Mounting plugin UdpMessaging
LogPluginManager: Mounting plugin MediaPlayerEditor
LogPluginManager: Mounting plugin WebMMedia
LogPluginManager: Mounting plugin WmfMedia
LogPluginManager: Mounting plugin ActorSequence
LogPluginManager: Mounting plugin LevelSequenceEditor
LogPluginManager: Mounting plugin MatineeToLevelSequence
LogPluginManager: Mounting plugin TemplateSequence
LogPluginManager: Mounting plugin OnlineSubsystem
LogPluginManager: Mounting plugin OnlineSubsystemNull
LogPluginManager: Mounting plugin OnlineSubsystemUtils
LogPluginManager: Mounting plugin LauncherChunkInstaller
LogPluginManager: Mounting plugin ActorLayerUtilities
LogPluginManager: Mounting plugin AndroidDeviceProfileSelector
LogPluginManager: Mounting plugin AndroidMoviePlayer
LogPluginManager: Mounting plugin AndroidPermission
LogPluginManager: Mounting plugin AppleImageUtils
LogPluginManager: Mounting plugin AppleMoviePlayer
LogPluginManager: Mounting plugin ArchVisCharacter
LogPluginManager: Mounting plugin AssetTags
LogPluginManager: Mounting plugin AudioCapture
LogPluginManager: Mounting plugin AudioSynesthesia
LogPluginManager: Mounting plugin CableComponent
LogPluginManager: Mounting plugin ChunkDownloader
LogPluginManager: Mounting plugin CustomMeshComponent
LogPluginManager: Mounting plugin EditableMesh
LogPluginManager: Mounting plugin ExampleDeviceProfileSelector
LogPluginManager: Mounting plugin GoogleCloudMessaging
LogPluginManager: Mounting plugin GooglePAD
LogPluginManager: Mounting plugin IOSDeviceProfileSelector
LogPluginManager: Mounting plugin LinuxDeviceProfileSelector
LogPluginManager: Mounting plugin LocationServicesBPLibrary
LogPluginManager: Mounting plugin MobilePatchingUtils
LogPluginManager: Mounting plugin OpenXR
LogPluginManager: Mounting plugin OpenXREyeTracker
LogPluginManager: Mounting plugin OpenXRHandTracking
LogPluginManager: Mounting plugin PhysXVehicles
LogPluginManager: Mounting plugin PostSplashScreen
LogPluginManager: Mounting plugin ProceduralMeshComponent
LogPluginManager: Mounting plugin PropertyAccessEditor
LogPluginManager: Mounting plugin RuntimePhysXCooking
LogPluginManager: Mounting plugin SignificanceManager
LogPluginManager: Mounting plugin SoundFields
LogPluginManager: Mounting plugin Synthesis
LogPluginManager: Mounting plugin WebMMoviePlayer
LogPluginManager: Mounting plugin WindowsMoviePlayer
LogPluginManager: Mounting plugin ScreenshotTools
LogPluginManager: Mounting plugin Takes
LogPluginManager: Mounting plugin LightPropagationVolume
LogPluginManager: Mounting plugin GameplayCameras
LogPluginManager: Mounting plugin ContentBrowserAssetDataSource
LogPluginManager: Mounting plugin ContentBrowserClassDataSource
LogPluginManager: Mounting plugin ContentBrowserFileDataSource
LogPluginManager: Mounting plugin OnlineSubsystemGooglePlay
LogPluginManager: Mounting plugin OnlineSubsystemIOS
LogPluginManager: Mounting plugin OculusVR
LogPluginManager: Mounting plugin SteamVR
PixWinPlugin: PIX capture plugin failed to initialize! Check that the process is launched from PIX.
LogInit: Using libcurl 7.55.1-DEV
LogInit:  - built for x86_64-pc-win32
LogInit:  - supports SSL with OpenSSL/1.1.1
LogInit:  - supports HTTP deflate (compression) using libz 1.2.8
LogInit:  - other features:
LogInit:      CURL_VERSION_SSL
LogInit:      CURL_VERSION_LIBZ
LogInit:      CURL_VERSION_IPV6
LogInit:      CURL_VERSION_ASYNCHDNS
LogInit:      CURL_VERSION_LARGEFILE
LogInit:      CURL_VERSION_IDN
LogInit:  CurlRequestOptions (configurable via config and command line):
LogInit:  - bVerifyPeer = true  - Libcurl will verify peer certificate
LogInit:  - bUseHttpProxy = false  - Libcurl will NOT use HTTP proxy
LogInit:  - bDontReuseConnections = false  - Libcurl will reuse connections
LogInit:  - MaxHostConnections = 16  - Libcurl will limit the number of connections to a host
LogInit:  - LocalHostAddr = Default
LogInit:  - BufferSize = 65536
LogOnline: OSS: Creating online subsystem instance for: NULL
LogInit: WinSock: version 1.1 (2.2), MaxSocks=32767, MaxUdp=65467
LogOnline: OSS: TryLoadSubsystemAndSetDefault: Loaded subsystem for module [NULL]
LogOculusPluginWrapper: OculusPlugin initialized successfully
LogHMD: Failed initializing OVRPlugin 1.59.0
LogInit: Build: ++UE4+Release-4.27-CL-18319896
LogInit: Engine Version: 4.27.2-18319896+++UE4+Release-4.27
LogInit: Compatible Engine Version: 4.27.0-17155196+++UE4+Release-4.27
LogInit: Net CL: 17155196
LogInit: OS: Windows 10 (Release 2009) (), CPU: AMD Ryzen 5 3600 6-Core Processor              , GPU: Radeon RX 580 Series
LogInit: Compiled (64-bit): Nov 30 2021 07:12:08
LogInit: Compiled with Visual C++: 19.24.28315.00
LogInit: Build Configuration: Development
LogInit: Branch Name: ++UE4+Release-4.27
LogInit: Command Line:  -skipcompile
LogInit: Base Directory: E:/UE_4.27/Engine/Binaries/Win64/
LogInit: Allocator: TBB
LogInit: Installed Engine Build: 1
LogDevObjectVersion: Number of dev versions registered: 29
LogDevObjectVersion:   Dev-Blueprints (B0D832E4-1F89-4F0D-ACCF-7EB736FD4AA2): 10
LogDevObjectVersion:   Dev-Build (E1C64328-A22C-4D53-A36C-8E866417BD8C): 0
LogDevObjectVersion:   Dev-Core (375EC13C-06E4-48FB-B500-84F0262A717E): 4
LogDevObjectVersion:   Dev-Editor (E4B068ED-F494-42E9-A231-DA0B2E46BB41): 40
LogDevObjectVersion:   Dev-Framework (CFFC743F-43B0-4480-9391-14DF171D2073): 37
LogDevObjectVersion:   Dev-Mobile (B02B49B5-BB20-44E9-A304-32B752E40360): 3
LogDevObjectVersion:   Dev-Networking (A4E4105C-59A1-49B5-A7C5-40C4547EDFEE): 0
LogDevObjectVersion:   Dev-Online (39C831C9-5AE6-47DC-9A44-9C173E1C8E7C): 0
LogDevObjectVersion:   Dev-Physics (78F01B33-EBEA-4F98-B9B4-84EACCB95AA2): 14
LogDevObjectVersion:   Dev-Platform (6631380F-2D4D-43E0-8009-CF276956A95A): 0
LogDevObjectVersion:   Dev-Rendering (12F88B9F-8875-4AFC-A67C-D90C383ABD29): 45
LogDevObjectVersion:   Dev-Sequencer (7B5AE74C-D270-4C10-A958-57980B212A5A): 13
LogDevObjectVersion:   Dev-VR (D7296918-1DD6-4BDD-9DE2-64A83CC13884): 3
LogDevObjectVersion:   Dev-LoadTimes (C2A15278-BFE7-4AFE-6C17-90FF531DF755): 1
LogDevObjectVersion:   Private-Geometry (6EACA3D4-40EC-4CC1-B786-8BED09428FC5): 3
LogDevObjectVersion:   Dev-AnimPhys (29E575DD-E0A3-4627-9D10-D276232CDCEA): 17
LogDevObjectVersion:   Dev-Anim (AF43A65D-7FD3-4947-9873-3E8ED9C1BB05): 15
LogDevObjectVersion:   Dev-ReflectionCapture (6B266CEC-1EC7-4B8F-A30B-E4D90942FC07): 1
LogDevObjectVersion:   Dev-Automation (0DF73D61-A23F-47EA-B727-89E90C41499A): 1
LogDevObjectVersion:   FortniteMain (601D1886-AC64-4F84-AA16-D3DE0DEAC7D6): 47
LogDevObjectVersion:   FortniteRelease (E7086368-6B23-4C58-8439-1B7016265E91): 1
LogDevObjectVersion:   Dev-Enterprise (9DFFBCD6-494F-0158-E221-12823C92A888): 10
LogDevObjectVersion:   Dev-Niagara (F2AED0AC-9AFE-416F-8664-AA7FFA26D6FC): 1
LogDevObjectVersion:   Dev-Destruction (174F1F0B-B4C6-45A5-B13F-2EE8D0FB917D): 10
LogDevObjectVersion:   Dev-Physics-Ext (35F94A83-E258-406C-A318-09F59610247C): 41
LogDevObjectVersion:   Dev-PhysicsMaterial-Chaos (B68FC16E-8B1B-42E2-B453-215C058844FE): 1
LogDevObjectVersion:   Dev-CineCamera (B2E18506-4273-CFC2-A54E-F4BB758BBA07): 1
LogDevObjectVersion:   Dev-VirtualProduction (64F58936-FD1B-42BA-BA96-7289D5D0FA4E): 1
LogDevObjectVersion:   Dev-MediaFramework (6F0ED827-A609-4895-9C91-998D90180EA4): 2
LogInit: Presizing for max 25165824 objects, including 0 objects not considered by GC, pre-allocating 0 bytes for permanent pool.
LogConfig: Applying CVar settings from Section [/Script/Engine.StreamingSettings] File [E:/GIT/Snake/Snake-Game/SnakeGame/Saved/Config/Windows/Engine.ini]
LogConfig: Setting CVar [[s.MinBulkDataSizeForAsyncLoading:131072]]
LogConfig: Setting CVar [[s.AsyncLoadingThreadEnabled:0]]
LogConfig: Setting CVar [[s.EventDrivenLoaderEnabled:1]]
LogConfig: Setting CVar [[s.WarnIfTimeLimitExceeded:0]]
LogConfig: Setting CVar [[s.TimeLimitExceededMultiplier:1.5]]
LogConfig: Setting CVar [[s.TimeLimitExceededMinTime:0.005]]
LogConfig: Setting CVar [[s.UseBackgroundLevelStreaming:1]]
LogConfig: Setting CVar [[s.PriorityAsyncLoadingExtraTime:15.0]]
LogConfig: Setting CVar [[s.LevelStreamingActorsUpdateTimeLimit:5.0]]
LogConfig: Setting CVar [[s.PriorityLevelStreamingActorsUpdateExtraTime:5.0]]
LogConfig: Setting CVar [[s.LevelStreamingComponentsRegistrationGranularity:10]]
LogConfig: Setting CVar [[s.UnregisterComponentsTimeLimit:1.0]]
LogConfig: Setting CVar [[s.LevelStreamingComponentsUnregistrationGranularity:5]]
LogConfig: Setting CVar [[s.FlushStreamingOnExit:1]]
LogInit: Object subsystem initialized
LogConfig: Setting CVar [[con.DebugEarlyDefault:1]]
LogConfig: Setting CVar [[r.setres:1280x720]]
[2022.12.26-21.23.43:563][  0]LogConfig: Setting CVar [[r.VSync:0]]
[2022.12.26-21.23.43:563][  0]LogConfig: Setting CVar [[r.RHICmdBypass:0]]
[2022.12.26-21.23.43:563][  0]LogConfig: Applying CVar settings from Section [/Script/Engine.RendererSettings] File [E:/GIT/Snake/Snake-Game/SnakeGame/Saved/Config/Windows/Engine.ini]
[2022.12.26-21.23.43:563][  0]LogConfig: Setting CVar [[r.GPUCrashDebugging:0]]
[2022.12.26-21.23.43:563][  0]LogConfig: Applying CVar settings from Section [/Script/Engine.RendererOverrideSettings] File [E:/GIT/Snake/Snake-Game/SnakeGame/Saved/Config/Windows/Engine.ini]
[2022.12.26-21.23.43:563][  0]LogConfig: Applying CVar settings from Section [/Script/Engine.StreamingSettings] File [E:/GIT/Snake/Snake-Game/SnakeGame/Saved/Config/Windows/Engine.ini]
[2022.12.26-21.23.43:563][  0]LogConfig: Setting CVar [[s.MinBulkDataSizeForAsyncLoading:131072]]
[2022.12.26-21.23.43:563][  0]LogConfig: Setting CVar [[s.AsyncLoadingThreadEnabled:0]]
[2022.12.26-21.23.43:563][  0]LogConfig: Setting CVar [[s.EventDrivenLoaderEnabled:1]]
[2022.12.26-21.23.43:563][  0]LogConfig: Setting CVar [[s.WarnIfTimeLimitExceeded:0]]
[2022.12.26-21.23.43:564][  0]LogConfig: Setting CVar [[s.TimeLimitExceededMultiplier:1.5]]
[2022.12.26-21.23.43:564][  0]LogConfig: Setting CVar [[s.TimeLimitExceededMinTime:0.005]]
[2022.12.26-21.23.43:564][  0]LogConfig: Setting CVar [[s.UseBackgroundLevelStreaming:1]]
[2022.12.26-21.23.43:564][  0]LogConfig: Setting CVar [[s.PriorityAsyncLoadingExtraTime:15.0]]
[2022.12.26-21.23.43:564][  0]LogConfig: Setting CVar [[s.LevelStreamingActorsUpdateTimeLimit:5.0]]
[2022.12.26-21.23.43:564][  0]LogConfig: Setting CVar [[s.PriorityLevelStreamingActorsUpdateExtraTime:5.0]]
[2022.12.26-21.23.43:564][  0]LogConfig: Setting CVar [[s.LevelStreamingComponentsRegistrationGranularity:10]]
[2022.12.26-21.23.43:564][  0]LogConfig: Setting CVar [[s.UnregisterComponentsTimeLimit:1.0]]
[2022.12.26-21.23.43:564][  0]LogConfig: Setting CVar [[s.LevelStreamingComponentsUnregistrationGranularity:5]]
[2022.12.26-21.23.43:564][  0]LogConfig: Setting CVar [[s.FlushStreamingOnExit:1]]
[2022.12.26-21.23.43:564][  0]LogConfig: Applying CVar settings from Section [/Script/Engine.GarbageCollectionSettings] File [E:/GIT/Snake/Snake-Game/SnakeGame/Saved/Config/Windows/Engine.ini]
[2022.12.26-21.23.43:564][  0]LogConfig: Setting CVar [[gc.MaxObjectsNotConsideredByGC:1]]
[2022.12.26-21.23.43:564][  0]LogConfig: Setting CVar [[gc.SizeOfPermanentObjectPool:0]]
[2022.12.26-21.23.43:564][  0]LogConfig: Setting CVar [[gc.FlushStreamingOnGC:0]]
[2022.12.26-21.23.43:565][  0]LogConfig: Setting CVar [[gc.NumRetriesBeforeForcingGC:10]]
[2022.12.26-21.23.43:565][  0]LogConfig: Setting CVar [[gc.AllowParallelGC:1]]
[2022.12.26-21.23.43:565][  0]LogConfig: Setting CVar [[gc.TimeBetweenPurgingPendingKillObjects:61.1]]
[2022.12.26-21.23.43:565][  0]LogConfig: Setting CVar [[gc.MaxObjectsInEditor:25165824]]
[2022.12.26-21.23.43:565][  0]LogConfig: Setting CVar [[gc.IncrementalBeginDestroyEnabled:1]]
[2022.12.26-21.23.43:565][  0]LogConfig: Setting CVar [[gc.CreateGCClusters:1]]
[2022.12.26-21.23.43:565][  0]LogConfig: Setting CVar [[gc.MinGCClusterSize:5]]
[2022.12.26-21.23.43:565][  0]LogConfig: Setting CVar [[gc.ActorClusteringEnabled:0]]
[2022.12.26-21.23.43:565][  0]LogConfig: Setting CVar [[gc.BlueprintClusteringEnabled:0]]
[2022.12.26-21.23.43:565][  0]LogConfig: Setting CVar [[gc.UseDisregardForGCOnDedicatedServers:0]]
[2022.12.26-21.23.43:565][  0]LogConfig: Setting CVar [[gc.MultithreadedDestructionEnabled:1]]
[2022.12.26-21.23.43:565][  0]LogConfig: Applying CVar settings from Section [/Script/Engine.NetworkSettings] File [E:/GIT/Snake/Snake-Game/SnakeGame/Saved/Config/Windows/Engine.ini]
[2022.12.26-21.23.43:565][  0]LogConfig: Applying CVar settings from Section [/Script/UnrealEd.CookerSettings] File [E:/GIT/Snake/Snake-Game/SnakeGame/Saved/Config/Windows/Engine.ini]
[2022.12.26-21.23.43:579][  0]LogConfig: Applying CVar settings from Section [ViewDistanceQuality@3] File [E:/GIT/Snake/Snake-Game/SnakeGame/Saved/Config/Windows/Scalability.ini]
[2022.12.26-21.23.43:579][  0]LogConfig: Setting CVar [[r.SkeletalMeshLODBias:0]]
[2022.12.26-21.23.43:580][  0]LogConfig: Setting CVar [[r.ViewDistanceScale:1.0]]
[2022.12.26-21.23.43:580][  0]LogConfig: Applying CVar settings from Section [AntiAliasingQuality@3] File [E:/GIT/Snake/Snake-Game/SnakeGame/Saved/Config/Windows/Scalability.ini]
[2022.12.26-21.23.43:580][  0]LogConfig: Setting CVar [[r.PostProcessAAQuality:4]]
[2022.12.26-21.23.43:580][  0]LogConfig: Applying CVar settings from Section [ShadowQuality@3] File [E:/GIT/Snake/Snake-Game/SnakeGame/Saved/Config/Windows/Scalability.ini]
[2022.12.26-21.23.43:580][  0]LogConfig: Setting CVar [[r.LightFunctionQuality:1]]
[2022.12.26-21.23.43:580][  0]LogConfig: Setting CVar [[r.ShadowQuality:5]]
[2022.12.26-21.23.43:580][  0]LogConfig: Setting CVar [[r.Shadow.CSM.MaxCascades:10]]
[2022.12.26-21.23.43:580][  0]LogConfig: Setting CVar [[r.Shadow.MaxResolution:2048]]
[2022.12.26-21.23.43:580][  0]LogConfig: Setting CVar [[r.Shadow.MaxCSMResolution:2048]]
[2022.12.26-21.23.43:580][  0]LogConfig: Setting CVar [[r.Shadow.RadiusThreshold:0.01]]
[2022.12.26-21.23.43:580][  0]LogConfig: Setting CVar [[r.Shadow.DistanceScale:1.0]]
[2022.12.26-21.23.43:580][  0]LogConfig: Setting CVar [[r.Shadow.CSM.TransitionScale:1.0]]
[2022.12.26-21.23.43:580][  0]LogConfig: Setting CVar [[r.Shadow.PreShadowResolutionFactor:1.0]]
[2022.12.26-21.23.43:581][  0]LogConfig: Setting CVar [[r.DistanceFieldShadowing:1]]
[2022.12.26-21.23.43:581][  0]LogConfig: Setting CVar [[r.DistanceFieldAO:1]]
[2022.12.26-21.23.43:581][  0]LogConfig: Setting CVar [[r.AOQuality:2]]
[2022.12.26-21.23.43:581][  0]LogConfig: Setting CVar [[r.VolumetricFog:1]]
[2022.12.26-21.23.43:581][  0]LogConfig: Setting CVar [[r.VolumetricFog.GridPixelSize:8]]
[2022.12.26-21.23.43:581][  0]LogConfig: Setting CVar [[r.VolumetricFog.GridSizeZ:128]]
[2022.12.26-21.23.43:581][  0]LogConfig: Setting CVar [[r.VolumetricFog.HistoryMissSupersampleCount:4]]
[2022.12.26-21.23.43:581][  0]LogConfig: Setting CVar [[r.LightMaxDrawDistanceScale:1]]
[2022.12.26-21.23.43:581][  0]LogConfig: Setting CVar [[r.CapsuleShadows:1]]
[2022.12.26-21.23.43:581][  0]LogConfig: Applying CVar settings from Section [PostProcessQuality@3] File [E:/GIT/Snake/Snake-Game/SnakeGame/Saved/Config/Windows/Scalability.ini]
[2022.12.26-21.23.43:581][  0]LogConfig: Setting CVar [[r.MotionBlurQuality:4]]
[2022.12.26-21.23.43:581][  0]LogConfig: Setting CVar [[r.AmbientOcclusionMipLevelFactor:0.4]]
[2022.12.26-21.23.43:581][  0]LogConfig: Setting CVar [[r.AmbientOcclusionMaxQuality:100]]
[2022.12.26-21.23.43:581][  0]LogConfig: Setting CVar [[r.AmbientOcclusionLevels:-1]]
[2022.12.26-21.23.43:582][  0]LogConfig: Setting CVar [[r.AmbientOcclusionRadiusScale:1.0]]
[2022.12.26-21.23.43:582][  0]LogConfig: Setting CVar [[r.DepthOfFieldQuality:2]]
[2022.12.26-21.23.43:582][  0]LogConfig: Setting CVar [[r.RenderTargetPoolMin:400]]
[2022.12.26-21.23.43:582][  0]LogConfig: Setting CVar [[r.LensFlareQuality:2]]
[2022.12.26-21.23.43:582][  0]LogConfig: Setting CVar [[r.SceneColorFringeQuality:1]]
[2022.12.26-21.23.43:582][  0]LogConfig: Setting CVar [[r.EyeAdaptationQuality:2]]
[2022.12.26-21.23.43:582][  0]LogConfig: Setting CVar [[r.BloomQuality:5]]
[2022.12.26-21.23.43:582][  0]LogConfig: Setting CVar [[r.FastBlurThreshold:100]]
[2022.12.26-21.23.43:582][  0]LogConfig: Setting CVar [[r.Upscale.Quality:3]]
[2022.12.26-21.23.43:582][  0]LogConfig: Setting CVar [[r.Tonemapper.GrainQuantization:1]]
[2022.12.26-21.23.43:582][  0]LogConfig: Setting CVar [[r.LightShaftQuality:1]]
[2022.12.26-21.23.43:582][  0]LogConfig: Setting CVar [[r.Filter.SizeScale:1]]
[2022.12.26-21.23.43:582][  0]LogConfig: Setting CVar [[r.Tonemapper.Quality:5]]
[2022.12.26-21.23.43:582][  0]LogConfig: Setting CVar [[r.DOF.Gather.AccumulatorQuality:1        ; higher gathering accumulator quality]]
[2022.12.26-21.23.43:583][  0]LogConfig: Setting CVar [[r.DOF.Gather.PostfilterMethod:1          ; Median3x3 postfilering method]]
[2022.12.26-21.23.43:583][  0]LogConfig: Setting CVar [[r.DOF.Gather.EnableBokehSettings:0       ; no bokeh simulation when gathering]]
[2022.12.26-21.23.43:583][  0]LogConfig: Setting CVar [[r.DOF.Gather.RingCount:4                 ; medium number of samples when gathering]]
[2022.12.26-21.23.43:583][  0]LogConfig: Setting CVar [[r.DOF.Scatter.ForegroundCompositing:1    ; additive foreground scattering]]
[2022.12.26-21.23.43:583][  0]LogConfig: Setting CVar [[r.DOF.Scatter.BackgroundCompositing:2    ; additive background scattering]]
[2022.12.26-21.23.43:583][  0]LogConfig: Setting CVar [[r.DOF.Scatter.EnableBokehSettings:1      ; bokeh simulation when scattering]]
[2022.12.26-21.23.43:583][  0]LogConfig: Setting CVar [[r.DOF.Scatter.MaxSpriteRatio:0.1         ; only a maximum of 10% of scattered bokeh]]
[2022.12.26-21.23.43:583][  0]LogConfig: Setting CVar [[r.DOF.Recombine.Quality:1                ; cheap slight out of focus]]
[2022.12.26-21.23.43:583][  0]LogConfig: Setting CVar [[r.DOF.Recombine.EnableBokehSettings:0    ; no bokeh simulation on slight out of focus]]
[2022.12.26-21.23.43:583][  0]LogConfig: Setting CVar [[r.DOF.TemporalAAQuality:1                ; more stable temporal accumulation]]
[2022.12.26-21.23.43:583][  0]LogConfig: Setting CVar [[r.DOF.Kernel.MaxForegroundRadius:0.025]]
[2022.12.26-21.23.43:583][  0]LogConfig: Setting CVar [[r.DOF.Kernel.MaxBackgroundRadius:0.025]]
[2022.12.26-21.23.43:583][  0]LogConfig: Applying CVar settings from Section [TextureQuality@3] File [E:/GIT/Snake/Snake-Game/SnakeGame/Saved/Config/Windows/Scalability.ini]
[2022.12.26-21.23.43:583][  0]LogConfig: Setting CVar [[r.Streaming.MipBias:0]]
[2022.12.26-21.23.43:584][  0]LogConfig: Setting CVar [[r.Streaming.AmortizeCPUToGPUCopy:0]]
[2022.12.26-21.23.43:584][  0]LogConfig: Setting CVar [[r.Streaming.MaxNumTexturesToStreamPerFrame:0]]
[2022.12.26-21.23.43:584][  0]LogConfig: Setting CVar [[r.Streaming.Boost:1]]
[2022.12.26-21.23.43:584][  0]LogConfig: Setting CVar [[r.MaxAnisotropy:8]]
[2022.12.26-21.23.43:584][  0]LogConfig: Setting CVar [[r.VT.MaxAnisotropy:8]]
[2022.12.26-21.23.43:584][  0]LogConfig: Setting CVar [[r.Streaming.LimitPoolSizeToVRAM:0]]
[2022.12.26-21.23.43:584][  0]LogConfig: Setting CVar [[r.Streaming.PoolSize:1000]]
[2022.12.26-21.23.43:584][  0]LogConfig: Setting CVar [[r.Streaming.MaxEffectiveScreenSize:0]]
[2022.12.26-21.23.43:584][  0]LogConfig: Applying CVar settings from Section [EffectsQuality@3] File [E:/GIT/Snake/Snake-Game/SnakeGame/Saved/Config/Windows/Scalability.ini]
[2022.12.26-21.23.43:584][  0]LogConfig: Setting CVar [[r.TranslucencyLightingVolumeDim:64]]
[2022.12.26-21.23.43:584][  0]LogConfig: Setting CVar [[r.RefractionQuality:2]]
[2022.12.26-21.23.43:584][  0]LogConfig: Setting CVar [[r.SSR.Quality:3]]
[2022.12.26-21.23.43:584][  0]LogConfig: Setting CVar [[r.SSR.HalfResSceneColor:0]]
[2022.12.26-21.23.43:584][  0]LogConfig: Setting CVar [[r.SceneColorFormat:4]]
[2022.12.26-21.23.43:585][  0]LogConfig: Setting CVar [[r.DetailMode:2]]
[2022.12.26-21.23.43:585][  0]LogConfig: Setting CVar [[r.TranslucencyVolumeBlur:1]]
[2022.12.26-21.23.43:585][  0]LogConfig: Setting CVar [[r.MaterialQualityLevel:1 ; High quality]]
[2022.12.26-21.23.43:585][  0]LogConfig: Setting CVar [[r.AnisotropicMaterials:1]]
[2022.12.26-21.23.43:585][  0]LogConfig: Setting CVar [[r.SSS.Scale:1]]
[2022.12.26-21.23.43:585][  0]LogConfig: Setting CVar [[r.SSS.SampleSet:2]]
[2022.12.26-21.23.43:585][  0]LogConfig: Setting CVar [[r.SSS.Quality:1]]
[2022.12.26-21.23.43:585][  0]LogConfig: Setting CVar [[r.SSS.HalfRes:0]]
[2022.12.26-21.23.43:585][  0]LogConfig: Setting CVar [[r.SSGI.Quality:3]]
[2022.12.26-21.23.43:585][  0]LogConfig: Setting CVar [[r.EmitterSpawnRateScale:1.0]]
[2022.12.26-21.23.43:585][  0]LogConfig: Setting CVar [[r.ParticleLightQuality:2]]
[2022.12.26-21.23.43:585][  0]LogConfig: Setting CVar [[r.SkyAtmosphere.AerialPerspectiveLUT.FastApplyOnOpaque:1 ; Always have FastSkyLUT 1 in this case to avoid wrong sky]]
[2022.12.26-21.23.43:585][  0]LogConfig: Setting CVar [[r.SkyAtmosphere.AerialPerspectiveLUT.SampleCountMaxPerSlice:4]]
[2022.12.26-21.23.43:585][  0]LogConfig: Setting CVar [[r.SkyAtmosphere.AerialPerspectiveLUT.DepthResolution:16.0]]
[2022.12.26-21.23.43:586][  0]LogConfig: Setting CVar [[r.SkyAtmosphere.FastSkyLUT:1]]
[2022.12.26-21.23.43:586][  0]LogConfig: Setting CVar [[r.SkyAtmosphere.FastSkyLUT.SampleCountMin:4.0]]
[2022.12.26-21.23.43:586][  0]LogConfig: Setting CVar [[r.SkyAtmosphere.FastSkyLUT.SampleCountMax:128.0]]
[2022.12.26-21.23.43:586][  0]LogConfig: Setting CVar [[r.SkyAtmosphere.SampleCountMin:4.0]]
[2022.12.26-21.23.43:586][  0]LogConfig: Setting CVar [[r.SkyAtmosphere.SampleCountMax:128.0]]
[2022.12.26-21.23.43:586][  0]LogConfig: Setting CVar [[r.SkyAtmosphere.TransmittanceLUT.UseSmallFormat:0]]
[2022.12.26-21.23.43:586][  0]LogConfig: Setting CVar [[r.SkyAtmosphere.TransmittanceLUT.SampleCount:10.0]]
[2022.12.26-21.23.43:586][  0]LogConfig: Setting CVar [[r.SkyAtmosphere.MultiScatteringLUT.SampleCount:15.0]]
[2022.12.26-21.23.43:586][  0]LogConfig: Setting CVar [[r.SkyLight.RealTimeReflectionCapture:1]]
[2022.12.26-21.23.43:586][  0]LogConfig: Applying CVar settings from Section [FoliageQuality@3] File [E:/GIT/Snake/Snake-Game/SnakeGame/Saved/Config/Windows/Scalability.ini]
[2022.12.26-21.23.43:586][  0]LogConfig: Setting CVar [[foliage.DensityScale:1.0]]
[2022.12.26-21.23.43:586][  0]LogConfig: Setting CVar [[grass.DensityScale:1.0]]
[2022.12.26-21.23.43:586][  0]LogConfig: Applying CVar settings from Section [ShadingQuality@3] File [E:/GIT/Snake/Snake-Game/SnakeGame/Saved/Config/Windows/Scalability.ini]
[2022.12.26-21.23.43:586][  0]LogConfig: Setting CVar [[r.HairStrands.SkyLighting.IntegrationType:2]]
[2022.12.26-21.23.43:587][  0]LogConfig: Setting CVar [[r.HairStrands.SkyAO.SampleCount:4]]
[2022.12.26-21.23.43:587][  0]LogConfig: Setting CVar [[r.HairStrands.Visibility.MSAA.SamplePerPixel:4]]
[2022.12.26-21.23.43:587][  0]LogInit: Selected Device Profile: [Windows]
[2022.12.26-21.23.43:587][  0]LogInit: Applying CVar settings loaded from the selected device profile: [Windows]
[2022.12.26-21.23.43:587][  0]LogHAL: Display: Platform has ~ 48 GB [51440300032 / 68719476736 / 48], which maps to Largest [LargestMinGB=32, LargerMinGB=12, DefaultMinGB=8, SmallerMinGB=6, SmallestMinGB=0)
[2022.12.26-21.23.43:587][  0]LogInit: Going up to parent DeviceProfile []
[2022.12.26-21.23.43:587][  0]LogConfig: Applying CVar settings from Section [ViewDistanceQuality@3] File [E:/GIT/Snake/Snake-Game/SnakeGame/Saved/Config/Windows/Scalability.ini]
[2022.12.26-21.23.43:587][  0]LogConfig: Setting CVar [[r.SkeletalMeshLODBias:0]]
[2022.12.26-21.23.43:587][  0]LogConfig: Setting CVar [[r.ViewDistanceScale:1.0]]
[2022.12.26-21.23.43:587][  0]LogConfig: Applying CVar settings from Section [AntiAliasingQuality@3] File [E:/GIT/Snake/Snake-Game/SnakeGame/Saved/Config/Windows/Scalability.ini]
[2022.12.26-21.23.43:587][  0]LogConfig: Setting CVar [[r.PostProcessAAQuality:4]]
[2022.12.26-21.23.43:587][  0]LogConfig: Applying CVar settings from Section [ShadowQuality@3] File [E:/GIT/Snake/Snake-Game/SnakeGame/Saved/Config/Windows/Scalability.ini]
[2022.12.26-21.23.43:588][  0]LogConfig: Setting CVar [[r.LightFunctionQuality:1]]
[2022.12.26-21.23.43:588][  0]LogConfig: Setting CVar [[r.ShadowQuality:5]]
[2022.12.26-21.23.43:588][  0]LogConfig: Setting CVar [[r.Shadow.CSM.MaxCascades:10]]
[2022.12.26-21.23.43:588][  0]LogConfig: Setting CVar [[r.Shadow.MaxResolution:2048]]
[2022.12.26-21.23.43:588][  0]LogConfig: Setting CVar [[r.Shadow.MaxCSMResolution:2048]]
[2022.12.26-21.23.43:588][  0]LogConfig: Setting CVar [[r.Shadow.RadiusThreshold:0.01]]
[2022.12.26-21.23.43:588][  0]LogConfig: Setting CVar [[r.Shadow.DistanceScale:1.0]]
[2022.12.26-21.23.43:588][  0]LogConfig: Setting CVar [[r.Shadow.CSM.TransitionScale:1.0]]
[2022.12.26-21.23.43:588][  0]LogConfig: Setting CVar [[r.Shadow.PreShadowResolutionFactor:1.0]]
[2022.12.26-21.23.43:588][  0]LogConfig: Setting CVar [[r.DistanceFieldShadowing:1]]
[2022.12.26-21.23.43:588][  0]LogConfig: Setting CVar [[r.DistanceFieldAO:1]]
[2022.12.26-21.23.43:588][  0]LogConfig: Setting CVar [[r.AOQuality:2]]
[2022.12.26-21.23.43:588][  0]LogConfig: Setting CVar [[r.VolumetricFog:1]]
[2022.12.26-21.23.43:589][  0]LogConfig: Setting CVar [[r.VolumetricFog.GridPixelSize:8]]
[2022.12.26-21.23.43:589][  0]LogConfig: Setting CVar [[r.VolumetricFog.GridSizeZ:128]]
[2022.12.26-21.23.43:589][  0]LogConfig: Setting CVar [[r.VolumetricFog.HistoryMissSupersampleCount:4]]
[2022.12.26-21.23.43:589][  0]LogConfig: Setting CVar [[r.LightMaxDrawDistanceScale:1]]
[2022.12.26-21.23.43:589][  0]LogConfig: Setting CVar [[r.CapsuleShadows:1]]
[2022.12.26-21.23.43:589][  0]LogConfig: Applying CVar settings from Section [PostProcessQuality@3] File [E:/GIT/Snake/Snake-Game/SnakeGame/Saved/Config/Windows/Scalability.ini]
[2022.12.26-21.23.43:589][  0]LogConfig: Setting CVar [[r.MotionBlurQuality:4]]
[2022.12.26-21.23.43:589][  0]LogConfig: Setting CVar [[r.AmbientOcclusionMipLevelFactor:0.4]]
[2022.12.26-21.23.43:589][  0]LogConfig: Setting CVar [[r.AmbientOcclusionMaxQuality:100]]
[2022.12.26-21.23.43:589][  0]LogConfig: Setting CVar [[r.AmbientOcclusionLevels:-1]]
[2022.12.26-21.23.43:589][  0]LogConfig: Setting CVar [[r.AmbientOcclusionRadiusScale:1.0]]
[2022.12.26-21.23.43:589][  0]LogConfig: Setting CVar [[r.DepthOfFieldQuality:2]]
[2022.12.26-21.23.43:589][  0]LogConfig: Setting CVar [[r.RenderTargetPoolMin:400]]
[2022.12.26-21.23.43:589][  0]LogConfig: Setting CVar [[r.LensFlareQuality:2]]
[2022.12.26-21.23.43:589][  0]LogConfig: Setting CVar [[r.SceneColorFringeQuality:1]]
[2022.12.26-21.23.43:590][  0]LogConfig: Setting CVar [[r.EyeAdaptationQuality:2]]
[2022.12.26-21.23.43:590][  0]LogConfig: Setting CVar [[r.BloomQuality:5]]
[2022.12.26-21.23.43:590][  0]LogConfig: Setting CVar [[r.FastBlurThreshold:100]]
[2022.12.26-21.23.43:590][  0]LogConfig: Setting CVar [[r.Upscale.Quality:3]]
[2022.12.26-21.23.43:590][  0]LogConfig: Setting CVar [[r.Tonemapper.GrainQuantization:1]]
[2022.12.26-21.23.43:590][  0]LogConfig: Setting CVar [[r.LightShaftQuality:1]]
[2022.12.26-21.23.43:590][  0]LogConfig: Setting CVar [[r.Filter.SizeScale:1]]
[2022.12.26-21.23.43:590][  0]LogConfig: Setting CVar [[r.Tonemapper.Quality:5]]
[2022.12.26-21.23.43:590][  0]LogConfig: Setting CVar [[r.DOF.Gather.AccumulatorQuality:1        ; higher gathering accumulator quality]]
[2022.12.26-21.23.43:590][  0]LogConfig: Setting CVar [[r.DOF.Gather.PostfilterMethod:1          ; Median3x3 postfilering method]]
[2022.12.26-21.23.43:590][  0]LogConfig: Setting CVar [[r.DOF.Gather.EnableBokehSettings:0       ; no bokeh simulation when gathering]]
[2022.12.26-21.23.43:590][  0]LogConfig: Setting CVar [[r.DOF.Gather.RingCount:4                 ; medium number of samples when gathering]]
[2022.12.26-21.23.43:590][  0]LogConfig: Setting CVar [[r.DOF.Scatter.ForegroundCompositing:1    ; additive foreground scattering]]
[2022.12.26-21.23.43:590][  0]LogConfig: Setting CVar [[r.DOF.Scatter.BackgroundCompositing:2    ; additive background scattering]]
[2022.12.26-21.23.43:591][  0]LogConfig: Setting CVar [[r.DOF.Scatter.EnableBokehSettings:1      ; bokeh simulation when scattering]]
[2022.12.26-21.23.43:591][  0]LogConfig: Setting CVar [[r.DOF.Scatter.MaxSpriteRatio:0.1         ; only a maximum of 10% of scattered bokeh]]
[2022.12.26-21.23.43:591][  0]LogConfig: Setting CVar [[r.DOF.Recombine.Quality:1                ; cheap slight out of focus]]
[2022.12.26-21.23.43:591][  0]LogConfig: Setting CVar [[r.DOF.Recombine.EnableBokehSettings:0    ; no bokeh simulation on slight out of focus]]
[2022.12.26-21.23.43:591][  0]LogConfig: Setting CVar [[r.DOF.TemporalAAQuality:1                ; more stable temporal accumulation]]
[2022.12.26-21.23.43:591][  0]LogConfig: Setting CVar [[r.DOF.Kernel.MaxForegroundRadius:0.025]]
[2022.12.26-21.23.43:591][  0]LogConfig: Setting CVar [[r.DOF.Kernel.MaxBackgroundRadius:0.025]]
[2022.12.26-21.23.43:591][  0]LogConfig: Applying CVar settings from Section [TextureQuality@3] File [E:/GIT/Snake/Snake-Game/SnakeGame/Saved/Config/Windows/Scalability.ini]
[2022.12.26-21.23.43:591][  0]LogConfig: Setting CVar [[r.Streaming.MipBias:0]]
[2022.12.26-21.23.43:591][  0]LogConfig: Setting CVar [[r.Streaming.AmortizeCPUToGPUCopy:0]]
[2022.12.26-21.23.43:591][  0]LogConfig: Setting CVar [[r.Streaming.MaxNumTexturesToStreamPerFrame:0]]
[2022.12.26-21.23.43:591][  0]LogConfig: Setting CVar [[r.Streaming.Boost:1]]
[2022.12.26-21.23.43:591][  0]LogConfig: Setting CVar [[r.MaxAnisotropy:8]]
[2022.12.26-21.23.43:591][  0]LogConfig: Setting CVar [[r.VT.MaxAnisotropy:8]]
[2022.12.26-21.23.43:591][  0]LogConfig: Setting CVar [[r.Streaming.LimitPoolSizeToVRAM:0]]
[2022.12.26-21.23.43:592][  0]LogConfig: Setting CVar [[r.Streaming.PoolSize:1000]]
[2022.12.26-21.23.43:592][  0]LogConfig: Setting CVar [[r.Streaming.MaxEffectiveScreenSize:0]]
[2022.12.26-21.23.43:592][  0]LogConfig: Applying CVar settings from Section [EffectsQuality@3] File [E:/GIT/Snake/Snake-Game/SnakeGame/Saved/Config/Windows/Scalability.ini]
[2022.12.26-21.23.43:592][  0]LogConfig: Setting CVar [[r.TranslucencyLightingVolumeDim:64]]
[2022.12.26-21.23.43:592][  0]LogConfig: Setting CVar [[r.RefractionQuality:2]]
[2022.12.26-21.23.43:592][  0]LogConfig: Setting CVar [[r.SSR.Quality:3]]
[2022.12.26-21.23.43:592][  0]LogConfig: Setting CVar [[r.SSR.HalfResSceneColor:0]]
[2022.12.26-21.23.43:592][  0]LogConfig: Setting CVar [[r.SceneColorFormat:4]]
[2022.12.26-21.23.43:592][  0]LogConfig: Setting CVar [[r.DetailMode:2]]
[2022.12.26-21.23.43:592][  0]LogConfig: Setting CVar [[r.TranslucencyVolumeBlur:1]]
[2022.12.26-21.23.43:592][  0]LogConfig: Setting CVar [[r.MaterialQualityLevel:1 ; High quality]]
[2022.12.26-21.23.43:592][  0]LogConfig: Setting CVar [[r.AnisotropicMaterials:1]]
[2022.12.26-21.23.43:592][  0]LogConfig: Setting CVar [[r.SSS.Scale:1]]
[2022.12.26-21.23.43:593][  0]LogConfig: Setting CVar [[r.SSS.SampleSet:2]]
[2022.12.26-21.23.43:593][  0]LogConfig: Setting CVar [[r.SSS.Quality:1]]
[2022.12.26-21.23.43:593][  0]LogConfig: Setting CVar [[r.SSS.HalfRes:0]]
[2022.12.26-21.23.43:593][  0]LogConfig: Setting CVar [[r.SSGI.Quality:3]]
[2022.12.26-21.23.43:593][  0]LogConfig: Setting CVar [[r.EmitterSpawnRateScale:1.0]]
[2022.12.26-21.23.43:593][  0]LogConfig: Setting CVar [[r.ParticleLightQuality:2]]
[2022.12.26-21.23.43:593][  0]LogConfig: Setting CVar [[r.SkyAtmosphere.AerialPerspectiveLUT.FastApplyOnOpaque:1 ; Always have FastSkyLUT 1 in this case to avoid wrong sky]]
[2022.12.26-21.23.43:593][  0]LogConfig: Setting CVar [[r.SkyAtmosphere.AerialPerspectiveLUT.SampleCountMaxPerSlice:4]]
[2022.12.26-21.23.43:593][  0]LogConfig: Setting CVar [[r.SkyAtmosphere.AerialPerspectiveLUT.DepthResolution:16.0]]
[2022.12.26-21.23.43:593][  0]LogConfig: Setting CVar [[r.SkyAtmosphere.FastSkyLUT:1]]
[2022.12.26-21.23.43:593][  0]LogConfig: Setting CVar [[r.SkyAtmosphere.FastSkyLUT.SampleCountMin:4.0]]
[2022.12.26-21.23.43:593][  0]LogConfig: Setting CVar [[r.SkyAtmosphere.FastSkyLUT.SampleCountMax:128.0]]
[2022.12.26-21.23.43:593][  0]LogConfig: Setting CVar [[r.SkyAtmosphere.SampleCountMin:4.0]]
[2022.12.26-21.23.43:594][  0]LogConfig: Setting CVar [[r.SkyAtmosphere.SampleCountMax:128.0]]
[2022.12.26-21.23.43:594][  0]LogConfig: Setting CVar [[r.SkyAtmosphere.TransmittanceLUT.UseSmallFormat:0]]
[2022.12.26-21.23.43:594][  0]LogConfig: Setting CVar [[r.SkyAtmosphere.TransmittanceLUT.SampleCount:10.0]]
[2022.12.26-21.23.43:594][  0]LogConfig: Setting CVar [[r.SkyAtmosphere.MultiScatteringLUT.SampleCount:15.0]]
[2022.12.26-21.23.43:594][  0]LogConfig: Setting CVar [[r.SkyLight.RealTimeReflectionCapture:1]]
[2022.12.26-21.23.43:594][  0]LogConfig: Applying CVar settings from Section [FoliageQuality@3] File [E:/GIT/Snake/Snake-Game/SnakeGame/Saved/Config/Windows/Scalability.ini]
[2022.12.26-21.23.43:594][  0]LogConfig: Setting CVar [[foliage.DensityScale:1.0]]
[2022.12.26-21.23.43:594][  0]LogConfig: Setting CVar [[grass.DensityScale:1.0]]
[2022.12.26-21.23.43:594][  0]LogConfig: Applying CVar settings from Section [ShadingQuality@3] File [E:/GIT/Snake/Snake-Game/SnakeGame/Saved/Config/Windows/Scalability.ini]
[2022.12.26-21.23.43:594][  0]LogConfig: Setting CVar [[r.HairStrands.SkyLighting.IntegrationType:2]]
[2022.12.26-21.23.43:594][  0]LogConfig: Setting CVar [[r.HairStrands.SkyAO.SampleCount:4]]
[2022.12.26-21.23.43:594][  0]LogConfig: Setting CVar [[r.HairStrands.Visibility.MSAA.SamplePerPixel:4]]
[2022.12.26-21.23.43:594][  0]LogConfig: Applying CVar settings from Section [Startup] File [../../../Engine/Config/ConsoleVariables.ini]
[2022.12.26-21.23.43:595][  0]LogConfig: Setting CVar [[net.UseAdaptiveNetUpdateFrequency:0]]
[2022.12.26-21.23.43:595][  0]LogConfig: Setting CVar [[p.chaos.AllowCreatePhysxBodies:1]]
[2022.12.26-21.23.43:595][  0]LogConfig: Setting CVar [[fx.SkipVectorVMBackendOptimizations:1]]
[2022.12.26-21.23.43:595][  0]LogConfig: Applying CVar settings from Section [ConsoleVariables] File [E:/GIT/Snake/Snake-Game/SnakeGame/Saved/Config/Windows/Engine.ini]
[2022.12.26-21.23.43:595][  0]LogConfig: Applying CVar settings from Section [ConsoleVariables] File [E:/GIT/Snake/Snake-Game/SnakeGame/Saved/Config/Windows/Editor.ini]
[2022.12.26-21.23.43:595][  0]LogInit: Computer: DESKTOP-9GONV1T
[2022.12.26-21.23.43:595][  0]LogInit: User: pidoras
[2022.12.26-21.23.43:595][  0]LogInit: CPU Page size=4096, Cores=6
[2022.12.26-21.23.43:595][  0]LogInit: High frequency timer resolution =10.000000 MHz
[2022.12.26-21.23.43:595][  0]LogMemory: Memory total: Physical=47.9GB (48GB approx)
[2022.12.26-21.23.43:596][  0]LogMemory: Platform Memory Stats for Windows
[2022.12.26-21.23.43:596][  0]LogMemory: Process Physical Memory: 145.18 MB used, 145.18 MB peak
[2022.12.26-21.23.43:596][  0]LogMemory: Process Virtual Memory: 126.04 MB used, 126.04 MB peak
[2022.12.26-21.23.43:596][  0]LogMemory: Physical Memory: 17854.45 MB used,  31202.84 MB free, 49057.29 MB total
[2022.12.26-21.23.43:596][  0]LogMemory: Virtual Memory: 134173280.00 MB used,  44444.21 MB free, 134217728.00 MB total
[2022.12.26-21.23.43:601][  0]LogWindows: WindowsPlatformFeatures enabled
[2022.12.26-21.23.43:689][  0]LogInit: Physics initialised using underlying interface: PhysX
[2022.12.26-21.23.43:690][  0]LogInit: Using OS detected language (en-GB).
[2022.12.26-21.23.43:690][  0]LogInit: Using OS detected locale (en-GB).
[2022.12.26-21.23.43:694][  0]LogTextLocalizationManager: No specific localization for 'en-GB' exists, so the 'en' localization will be used.
[2022.12.26-21.23.43:844][  0]LogInit: Setting process to per monitor DPI aware
[2022.12.26-21.23.43:863][  0]LogWindowsTextInputMethodSystem: Display: IME system deactivated.
[2022.12.26-21.23.43:884][  0]LogSlate: New Slate User Created.  User Index 0, Is Virtual User: 0
[2022.12.26-21.23.43:884][  0]LogSlate: Slate User Registered.  User Index 0, Is Virtual User: 0
[2022.12.26-21.23.44:050][  0]LogD3D11RHI: Loaded GFSDK_Aftermath_Lib.x64.dll
[2022.12.26-21.23.44:058][  0]LogHMD: Failed to initialize OpenVR with code 110
[2022.12.26-21.23.44:058][  0]LogD3D11RHI: D3D11 min allowed feature level: 11_0
[2022.12.26-21.23.44:058][  0]LogD3D11RHI: D3D11 max allowed feature level: 11_0
[2022.12.26-21.23.44:058][  0]LogD3D11RHI: D3D11 adapters:
[2022.12.26-21.23.44:112][  0]LogD3D11RHI:    0. 'Radeon RX 580 Series' (Feature Level 11_0)
[2022.12.26-21.23.44:112][  0]LogD3D11RHI:       8170/0/24528 MB DedicatedVideo/DedicatedSystem/SharedSystem, Outputs:2, VendorId:0x1002
[2022.12.26-21.23.44:116][  0]LogD3D11RHI:    1. 'Microsoft Basic Render Driver' (Feature Level 11_0)
[2022.12.26-21.23.44:116][  0]LogD3D11RHI:       0/0/24528 MB DedicatedVideo/DedicatedSystem/SharedSystem, Outputs:0, VendorId:0x1414
[2022.12.26-21.23.44:116][  0]LogD3D11RHI: Chosen D3D11 Adapter:
[2022.12.26-21.23.44:116][  0]LogD3D11RHI:     Description : Radeon RX 580 Series
[2022.12.26-21.23.44:116][  0]LogD3D11RHI:     VendorId    : 1002
[2022.12.26-21.23.44:117][  0]LogD3D11RHI:     DeviceId    : 67df
[2022.12.26-21.23.44:117][  0]LogD3D11RHI:     SubSysId    : 5211043
[2022.12.26-21.23.44:117][  0]LogD3D11RHI:     Revision    : 00e7
[2022.12.26-21.23.44:117][  0]LogD3D11RHI:     DedicatedVideoMemory : 8567902208 bytes
[2022.12.26-21.23.44:117][  0]LogD3D11RHI:     DedicatedSystemMemory : 0 bytes
[2022.12.26-21.23.44:117][  0]LogD3D11RHI:     SharedSystemMemory : 25720150016 bytes
[2022.12.26-21.23.44:117][  0]LogD3D11RHI:     AdapterLuid : 0 699960561
[2022.12.26-21.23.44:122][  0]LogD3D11RHI: Creating new Direct3DDevice
[2022.12.26-21.23.44:122][  0]LogD3D11RHI:     GPU DeviceId: 0x67df (for the marketing name, search the web for "GPU Device Id")
[2022.12.26-21.23.44:123][  0]LogWindows: EnumDisplayDevices:
[2022.12.26-21.23.44:123][  0]LogWindows:    0. 'Radeon RX 580 Series' (P:0 D:1)
[2022.12.26-21.23.44:123][  0]LogWindows:    1. 'Radeon RX 580 Series' (P:1 D:1)
[2022.12.26-21.23.44:123][  0]LogWindows:    2. 'Radeon RX 580 Series' (P:0 D:0)
[2022.12.26-21.23.44:124][  0]LogWindows:    3. 'Radeon RX 580 Series' (P:0 D:0)
[2022.12.26-21.23.44:124][  0]LogWindows:    4. 'Radeon RX 580 Series' (P:0 D:0)
[2022.12.26-21.23.44:124][  0]LogWindows:    5. 'Radeon RX 580 Series' (P:0 D:0)
[2022.12.26-21.23.44:124][  0]LogWindows:    6. 'Radeon RX 580 Series' (P:0 D:0)
[2022.12.26-21.23.44:124][  0]LogWindows: DebugString: FoundDriverCount:7 
[2022.12.26-21.23.44:125][  0]LogD3D11RHI:     Adapter Name: Radeon RX 580 Series
[2022.12.26-21.23.44:125][  0]LogD3D11RHI:   Driver Version: AMD Software: Adrenalin Edition 22.20.27.07 (internal:31.0.12027.7000, unified:31.0.12027.7000)
[2022.12.26-21.23.44:125][  0]LogD3D11RHI:      Driver Date: 10-20-2022
[2022.12.26-21.23.44:125][  0]LogRHI: Texture pool is 5182 MB (70% of 7402 MB)
[2022.12.26-21.23.44:158][  0]LogD3D11RHI: Creating D3DDevice with AMD AGS, using adapter:
[2022.12.26-21.23.44:158][  0]LogD3D11RHI:     Description : Radeon RX 580 Series
[2022.12.26-21.23.44:158][  0]LogD3D11RHI:     VendorId    : 1002
[2022.12.26-21.23.44:158][  0]LogD3D11RHI:     DeviceId    : 67df
[2022.12.26-21.23.44:159][  0]LogD3D11RHI:     SubSysId    : 5211043
[2022.12.26-21.23.44:159][  0]LogD3D11RHI:     Revision    : 00e7
[2022.12.26-21.23.44:159][  0]LogD3D11RHI:     DedicatedVideoMemory : 8567902208 bytes
[2022.12.26-21.23.44:159][  0]LogD3D11RHI:     DedicatedSystemMemory : 0 bytes
[2022.12.26-21.23.44:159][  0]LogD3D11RHI:     SharedSystemMemory : 25720150016 bytes
[2022.12.26-21.23.44:159][  0]LogD3D11RHI:     AdapterLuid : 0 699960561
[2022.12.26-21.23.44:203][  0]LogD3D11RHI: Created device via AGS, feature level 11_0, supported extensions 1fffffbf.
[2022.12.26-21.23.44:203][  0]LogD3D11RHI: RHI has support for 64 bit atomics
[2022.12.26-21.23.44:203][  0]LogD3D11RHI: Async texture creation enabled
[2022.12.26-21.23.44:204][  0]LogD3D11RHI: Array index from any shader is supported
[2022.12.26-21.23.44:219][  0]LogD3D11RHI: GPU Timing Frequency: 25.000000 (Debug: 2 1)
[2022.12.26-21.23.44:468][  0]LogTargetPlatformManager: Display: Loaded TargetPlatform 'AllDesktop'
[2022.12.26-21.23.44:489][  0]LogTargetPlatformManager: Display: Loaded TargetPlatform 'Android'
[2022.12.26-21.23.44:489][  0]LogTargetPlatformManager: Display: Loaded TargetPlatform 'Android_ASTC'
[2022.12.26-21.23.44:489][  0]LogTargetPlatformManager: Display: Loaded TargetPlatform 'Android_DXT'
[2022.12.26-21.23.44:489][  0]LogTargetPlatformManager: Display: Loaded TargetPlatform 'Android_ETC2'
[2022.12.26-21.23.44:489][  0]LogTargetPlatformManager: Display: Loaded TargetPlatform 'AndroidClient'
[2022.12.26-21.23.44:489][  0]LogTargetPlatformManager: Display: Loaded TargetPlatform 'Android_ASTCClient'
[2022.12.26-21.23.44:489][  0]LogTargetPlatformManager: Display: Loaded TargetPlatform 'Android_DXTClient'
[2022.12.26-21.23.44:489][  0]LogTargetPlatformManager: Display: Loaded TargetPlatform 'Android_ETC2Client'
[2022.12.26-21.23.44:490][  0]LogTargetPlatformManager: Display: Loaded TargetPlatform 'Android_Multi'
[2022.12.26-21.23.44:490][  0]LogTargetPlatformManager: Display: Loaded TargetPlatform 'Android_MultiClient'
[2022.12.26-21.23.44:515][  0]LogTargetPlatformManager: Display: Loaded TargetPlatform 'IOSClient'
[2022.12.26-21.23.44:515][  0]LogTargetPlatformManager: Display: Loaded TargetPlatform 'IOS'
[2022.12.26-21.23.44:525][  0]LogTargetPlatformManager: Display: Loaded TargetPlatform 'Linux'
[2022.12.26-21.23.44:531][  0]LogTargetPlatformManager: Display: Loaded TargetPlatform 'LinuxNoEditor'
[2022.12.26-21.23.44:536][  0]LogTargetPlatformManager: Display: Loaded TargetPlatform 'LinuxClient'
[2022.12.26-21.23.44:542][  0]LogTargetPlatformManager: Display: Loaded TargetPlatform 'LinuxServer'
[2022.12.26-21.23.44:553][  0]LogTargetPlatformManager: Display: Loaded TargetPlatform 'LinuxAArch64NoEditor'
[2022.12.26-21.23.44:559][  0]LogTargetPlatformManager: Display: Loaded TargetPlatform 'LinuxAArch64Client'
[2022.12.26-21.23.44:564][  0]LogTargetPlatformManager: Display: Loaded TargetPlatform 'LinuxAArch64Server'
[2022.12.26-21.23.44:586][  0]LogTargetPlatformManager: Display: Loaded TargetPlatform 'Lumin'
[2022.12.26-21.23.44:586][  0]LogTargetPlatformManager: Display: Loaded TargetPlatform 'LuminClient'
[2022.12.26-21.23.44:596][  0]LogTargetPlatformManager: Display: Loaded TargetPlatform 'MacNoEditor'
[2022.12.26-21.23.44:604][  0]LogTargetPlatformManager: Display: Loaded TargetPlatform 'Mac'
[2022.12.26-21.23.44:611][  0]LogTargetPlatformManager: Display: Loaded TargetPlatform 'MacClient'
[2022.12.26-21.23.44:619][  0]LogTargetPlatformManager: Display: Loaded TargetPlatform 'MacServer'
[2022.12.26-21.23.44:628][  0]LogTargetPlatformManager: Display: Loaded TargetPlatform 'TVOSClient'
[2022.12.26-21.23.44:628][  0]LogTargetPlatformManager: Display: Loaded TargetPlatform 'TVOS'
[2022.12.26-21.23.44:639][  0]LogTargetPlatformManager: Display: Loaded TargetPlatform 'WindowsNoEditor'
[2022.12.26-21.23.44:647][  0]LogTargetPlatformManager: Display: Loaded TargetPlatform 'Windows'
[2022.12.26-21.23.44:654][  0]LogTargetPlatformManager: Display: Loaded TargetPlatform 'WindowsClient'
[2022.12.26-21.23.44:662][  0]LogTargetPlatformManager: Display: Loaded TargetPlatform 'WindowsServer'
[2022.12.26-21.23.44:662][  0]LogTargetPlatformManager: Display: Building Assets For Windows
[2022.12.26-21.23.44:680][  0]LogAudioDebug: Display: Lib vorbis DLL was dynamically loaded.
[2022.12.26-21.23.44:751][  0]LogTextureFormatOodle: Display: Oodle Texture 2.9.0 init RDO Off
[2022.12.26-21.23.44:820][  0]LogRendererCore: Ray tracing is disabled. Reason: r.RayTracing=0.
[2022.12.26-21.23.44:820][  0]LogShaderCompilers: Guid format shader working directory is 5 characters bigger than the processId version (../../../../GIT/Snake/Snake-Game/SnakeGame/Intermediate/Shaders/WorkingDirectory/21716/).
[2022.12.26-21.23.44:820][  0]LogShaderCompilers: Cleaned the shader compiler working directory 'C:/Users/pidoras/AppData/Local/Temp/UnrealShaderWorkingDir/BDF400404ECBB630FC24E69C59840B36/'.
[2022.12.26-21.23.44:820][  0]LogXGEController: Cannot use XGE Controller as Incredibuild is not installed on this machine.
[2022.12.26-21.23.44:821][  0]LogShaderCompilers: Cannot use XGE Shader Compiler as Incredibuild is not installed on this machine.
[2022.12.26-21.23.44:821][  0]LogShaderCompilers: Display: Using Local Shader Compiler.
[2022.12.26-21.23.45:421][  0]LogDerivedDataCache: Display: Max Cache Size: 512 MB
[2022.12.26-21.23.45:462][  0]LogDerivedDataCache: Loaded boot cache 0.04s 94MB C:/Users/pidoras/AppData/Local/UnrealEngine/4.27/DerivedDataCache/Boot.ddc.
[2022.12.26-21.23.45:462][  0]LogDerivedDataCache: Display: Loaded Boot cache: C:/Users/pidoras/AppData/Local/UnrealEngine/4.27/DerivedDataCache/Boot.ddc
[2022.12.26-21.23.45:462][  0]LogDerivedDataCache: FDerivedDataBackendGraph:  Pak pak cache file ../../../../GIT/Snake/Snake-Game/SnakeGame/DerivedDataCache/DDC.ddp not found, will not use a pak cache.
[2022.12.26-21.23.45:462][  0]LogDerivedDataCache: Unable to find inner node Pak for hierarchical cache Hierarchy.
[2022.12.26-21.23.45:463][  0]LogDerivedDataCache: FDerivedDataBackendGraph:  CompressedPak pak cache file ../../../../GIT/Snake/Snake-Game/SnakeGame/DerivedDataCache/Compressed.ddp not found, will not use a pak cache.
[2022.12.26-21.23.45:463][  0]LogDerivedDataCache: Unable to find inner node CompressedPak for hierarchical cache Hierarchy.
[2022.12.26-21.23.45:479][  0]LogDerivedDataCache: Display: Pak cache opened for reading ../../../Engine/DerivedDataCache/Compressed.ddp.
[2022.12.26-21.23.45:480][  0]LogDerivedDataCache: FDerivedDataBackendGraph:  EnterprisePak pak cache file ../../../Enterprise/DerivedDataCache/Compressed.ddp not found, will not use a pak cache.
[2022.12.26-21.23.45:480][  0]LogDerivedDataCache: Unable to find inner node EnterprisePak for hierarchical cache Hierarchy.
[2022.12.26-21.23.45:500][  0]LogDerivedDataCache: Speed tests for C:/Users/pidoras/AppData/Local/UnrealEngine/Common/DerivedDataCache took 0.02 seconds
[2022.12.26-21.23.45:500][  0]LogDerivedDataCache: Display: Performance to C:/Users/pidoras/AppData/Local/UnrealEngine/Common/DerivedDataCache: Latency=0.02ms. RandomReadSpeed=1743.60MBs, RandomWriteSpeed=46.74MBs. Assigned SpeedClass 'Local'
[2022.12.26-21.23.45:502][  0]LogDerivedDataCache: Using Local data cache path C:/Users/pidoras/AppData/Local/UnrealEngine/Common/DerivedDataCache: Writable
[2022.12.26-21.23.45:502][  0]LogDerivedDataCache: Shared data cache path not found in *engine.ini, will not use an Shared cache.
[2022.12.26-21.23.45:502][  0]LogDerivedDataCache: Unable to find inner node Shared for hierarchical cache Hierarchy.
[2022.12.26-21.23.45:546][  0]LogSlate: Using FreeType 2.10.0
[2022.12.26-21.23.45:547][  0]LogSlate: SlateFontServices - WITH_FREETYPE: 1, WITH_HARFBUZZ: 1
[2022.12.26-21.23.45:567][  0]LogAssetRegistry: FAssetRegistry took 0.0025 seconds to start up
[2022.12.26-21.23.45:777][  0]LogInit: Selected Device Profile: [Windows]
[2022.12.26-21.23.45:778][  0]LogInit: Active device profile: [000001DF41626B00][000001DF35A78F00 49] Windows
[2022.12.26-21.23.45:778][  0]LogInit: Profiles: [000001DF41626B00][000001DF35A78F00 49] Windows, [000001DF415E1700][000001DF3EAA9080 49] WindowsNoEditor, [000001DF41625700][000001DF3EAAD200 49] WindowsServer, [000001DF415E2200][000001DF3EAB1380 49] WindowsClient, [000001DF41625000][000001DF3EAB9500 49] IOS, [000001DF415E3B00][000001DF3EABD680 49] iPadAir, [000001DF41627E00][000001DF41113800 49] iPadAir2, [000001DF42566A00][000001DF359E1AC0 49] IPadPro, [000001DF42566B00][000001DF41117B00 49] iPadAir3, [000001DF41625800][000001DF359E4100 49] iPadAir4, [000001DF42567500][000001DF41192280 49] iPadMini2, [000001DF41627700][000001DF41196400 49] iPadMini3, [000001DF42565C00][000001DF3EB28540 49] iPadMini4, [000001DF41625A00][000001DF3EAE8680 49] iPadMini5, [000001DF42592300][000001DF359F28C0 49] iPhone6, [000001DF42592400][000001DF3EAB4900 49] iPodTouch6, [000001DF42565E00][000001DF359FABC0 49] iPhone7, [000001DF42565F00][000001DF359F6C00 49] iPodTouch7, [000001DF42592D00][000001DF3EAC0D80 49] iPhone5S, [000001DF42564A00][000001DF3EAC4F00 49] iPhone6Plus, [000001DF42591000][000001DF3EAC9080 49] iPhone6S, [000001DF42567900][000001DF3EACD200 49] iPhone6SPlus, [000001DF42591200][000001DF3EAD1380 49] iPhone7Plus, [000001DF42566F00][000001DF3EAD5500 49] iPhoneSE, [000001DF42593E00][000001DF3EAD9680 49] iPhone8, [000001DF42566300][000001DF3EADD800 49] iPhone8Plus, [000001DF42590300][000001DF3EAE1980 49] iPhoneX, [000001DF42567D00][000001DF3EAE5B00 49] iPhoneXS, [000001DF42591700][000001DF40FBC100 49] iPhoneXSMax, [000001DF42565300][000001DF40FC0280 49] iPhoneXR, [000001DF42591300][000001DF3EA80400 49] iPhone11, [000001DF42565400][000001DF3EA84580 49] iPhone11Pro, [000001DF42592900][000001DF3EA88700 49] iPhone11ProMax, [000001DF42565000][000001DF3EB2C840 49] iPhoneSE2, [000001DF42593900][000001DF3EA8C980 49] iPhone12Mini, [000001DF42565D00][000001DF3EA90AC0 49] iPhone12, [000001DF42590700][000001DF3EA98C40 49] iPhone12Pro, [000001DF42567600][000001DF3EA9CDC0 49] iPhone12ProMax, [000001DF42593300][000001DF3EAA0F40 49] iPadPro105, [000001DF42564E00][000001DF3EAA50C0 49] iPadPro129, [000001DF42592200][000001DF35983240 49] iPadPro97, [000001DF42567E00][000001DF359873C0 49] iPadPro2_129, [000001DF42593A00][000001DF3598B540 49] iPad5, [000001DF42566400][000001DF3598F6C0 49] iPad6, [000001DF42590900][000001DF35993840 49] iPad7, [000001DF42566800][000001DF359979C0 49] iPad8, [000001DF42592600][000001DF3599BB40 49] iPadPro11, [000001DF42564100][000001DF3599E140 49] iPadPro2_11, [000001DF42592700][000001DF359A22C0 49] iPadPro3_129, [000001DF41685900][000001DF359A6440 49] iPadPro4_129, [000001DF415E3700][000001DF359AA5C0 49] AppleTV, [000001DF41684C00][000001DF359AE740 49] AppleTV4K, [000001DF415E2600][000001DF359B28C0 49] TVOS, [000001DF41685300][000001DF3EA94A00 49] Mac, [000001DF415E2900][000001DF359B6B40 49] MacClient, [000001DF41685A00][000001DF359BAC80 49] MacNoEditor, [000001DF415E0200][000001DF359BEDC0 49] MacServer, [000001DF41685800][000001DF359C6F40 49] Linux, [000001DF415E0900][000001DF40FC50C0 49] LinuxAArch64, [000001DF41685400][000001DF40FC9240 49] LinuxNoEditor, [000001DF415E3900][000001DF40FCD3C0 49] LinuxAArch64NoEditor, [000001DF41684600][000001DF40FD1540 49] LinuxClient, [000001DF415E2500][000001DF40FD56C0 49] LinuxAArch64Client, [000001DF41685E00][000001DF40FD9840 49] LinuxServer, [000001DF415E0100][000001DF40FDD9C0 49] LinuxAArch64Server, [000001DF42591400][000001DF40FE1B40 49] Android, [000001DF42565800][000001DF40FE4140 49] Android_Low, [000001DF42591F00][000001DF40FE82C0 49] Android_Mid, [000001DF42565B00][000001DF40FEC440 49] Android_High, [000001DF42590E00][000001DF40FF05C0 49] Android_Default, [000001DF42567200][000001DF40FF4740 49] Android_Adreno4xx, [000001DF42590C00][000001DF40FF88C0 49] Android_Adreno5xx_Low, [000001DF42564700][000001DF40FFCA40 49] Android_Adreno5xx, [000001DF42592C00][000001DF359C2B80 49] Android_Adreno6xx, [000001DF42567400][000001DF41000CC0 49] Android_Adreno6xx_Vulkan, [000001DF42590600][000001DF41004E00 49] Android_Mali_T6xx, [000001DF42564400][000001DF41008F40 49] Android_Mali_T7xx, [000001DF42593000][000001DF410110C0 49] Android_Mali_T8xx, [000001DF42564500][000001DF41015240 49] Android_Mali_G71, [000001DF42590B00][000001DF410193C0 49] Android_Mali_G72, [000001DF42566700][000001DF4101D540 49] Android_Mali_G72_Vulkan, [000001DF42591A00][000001DF410216C0 49] Android_Mali_G76, [000001DF42566000][000001DF41025840 49] Android_Mali_G76_Vulkan, [000001DF42592800][000001DF410299C0 49] Android_Mali_G77, [000001DF41684E00][000001DF4102DB40 49] Android_Mali_G77_Vulkan, [000001DF42590D00][000001DF41030140 49] Android_Mali_G78, [000001DF41684500][000001DF410342C0 49] Android_Mali_G78_Vulkan, [000001DF42592F00][000001DF41038440 49] Android_Mali_G710, [000001DF41685D00][000001DF4103C5C0 49] Android_Mali_G710_Vulkan, [000001DF42590100][000001DF41040740 49] Android_Vulkan_SM5, [000001DF42567F00][000001DF410448C0 49] Android_PowerVR_G6xxx, [000001DF42591100][000001DF41048A40 49] Android_PowerVR_GT7xxx, [000001DF42567100][000001DF4104CBC0 49] Android_PowerVR_GE8xxx, [000001DF42591B00][000001DF41050D40 49] Android_PowerVR_GM9xxx, [000001DF42564D00][000001DF4100CE80 49] Android_PowerVR_GM9xxx_Vulkan, [000001DF42593100][000001DF41054FC0 49] Android_TegraK1, [000001DF42565100][000001DF41059100 49] Android_Unknown_Vulkan, [000001DF42593D00][000001DF41061280 49] Lumin, [000001DF42567A00][000001DF41065400 49] Lumin_Desktop, [000001DF42593800][000001DF41069580 49] HoloLens, 
[2022.12.26-21.23.45:917][  0]LogMeshReduction: Using QuadricMeshReduction for automatic static mesh reduction
[2022.12.26-21.23.45:917][  0]LogMeshReduction: Using SimplygonMeshReduction for automatic skeletal mesh reduction
[2022.12.26-21.23.45:917][  0]LogMeshReduction: Using ProxyLODMeshReduction for automatic mesh merging
[2022.12.26-21.23.45:917][  0]LogMeshReduction: No distributed automatic mesh merging module available
[2022.12.26-21.23.45:917][  0]LogMeshMerging: No distributed automatic mesh merging module available
[2022.12.26-21.23.45:932][  0]LogNetVersion: SnakeGame 1.0.0, NetCL: 17155196, EngineNetVer: 17, GameNetVer: 0 (Checksum: 3033270002)
[2022.12.26-21.23.46:239][  0]LogTexture: Default maximum texture size for cubemaps generated from long-lat sources has been changed from 512 to unlimited. In order to preserve old behaiour for '/Engine/MapTemplates/Sky/DaylightAmbientCubemap.DaylightAmbientCubemap', its maximum texture size has been explicitly set to 512.
[2022.12.26-21.23.46:278][  0]LogHMD: PokeAHoleMaterial loaded successfully
[2022.12.26-21.23.46:283][  0]LogUObjectArray: 17178 objects as part of root set at end of initial load.
[2022.12.26-21.23.46:284][  0]LogUObjectAllocator: 4302048 out of 0 bytes used by permanent object pool.
[2022.12.26-21.23.46:284][  0]LogUObjectArray: CloseDisregardForGC: 0/0 objects in disregard for GC pool
[2022.12.26-21.23.46:680][  0]LogPython: Using Python 3.7.7
[2022.12.26-21.23.47:140][  0]LogNiagaraDebuggerClient: Niagara Debugger Client Initialized | Session: 8E967D7244651C643F2289BCF9302DC9 | Instance: 9CA5F5434550C6ED3A9ACB82D6CFB65F (DESKTOP-9GONV1T-21716).
[2022.12.26-21.23.47:340][  0]LogTcpMessaging: Initializing TcpMessaging bridge
[2022.12.26-21.23.47:346][  0]LogUdpMessaging: Initializing bridge on interface 0.0.0.0:0 to multicast group 230.0.0.1:6666.
[2022.12.26-21.23.47:789][  0]SourceControl: Source control is disabled
[2022.12.26-21.23.47:789][  0]SourceControl: Source control is disabled
[2022.12.26-21.23.47:812][  0]SourceControl: Source control is disabled
[2022.12.26-21.23.47:817][  0]SourceControl: Source control is disabled
[2022.12.26-21.23.48:035][  0]SourceControl: Source control is disabled
[2022.12.26-21.23.48:086][  0]LogUProjectInfo: Found projects:
[2022.12.26-21.23.48:152][  0]LogOpenImageDenoise: OIDN starting up
[2022.12.26-21.23.48:224][  0]LogAndroidPermission: UAndroidPermissionCallbackProxy::GetInstance
[2022.12.26-21.23.48:260][  0]LogAudioCaptureCore: Display: No Audio Capture implementations found. Audio input will be silent.
[2022.12.26-21.23.48:260][  0]LogAudioCaptureCore: Display: No Audio Capture implementations found. Audio input will be silent.
[2022.12.26-21.23.48:409][  0]LogCollectionManager: Loaded 0 collections in 0.001146 seconds
[2022.12.26-21.23.48:437][  0]LogFileCache: Scanning file cache for directory 'E:/GIT/Snake/Snake-Game/SnakeGame/Saved/Collections/' took 0.00s
[2022.12.26-21.23.48:437][  0]LogFileCache: Scanning file cache for directory 'E:/GIT/Snake/Snake-Game/SnakeGame/Content/Developers/pidoras/Collections/' took 0.00s
[2022.12.26-21.23.48:437][  0]LogFileCache: Scanning file cache for directory 'E:/GIT/Snake/Snake-Game/SnakeGame/Content/Collections/' took 0.00s
[2022.12.26-21.23.48:437][  0]LogOcInput: OculusInput pre-init called
[2022.12.26-21.23.48:640][  0]LogEngine: Initializing Engine...
[2022.12.26-21.23.48:645][  0]LogHMD: Failed to enumerate extensions. Please check that you have a valid OpenXR runtime installed.
[2022.12.26-21.23.48:646][  0]LogHMD: Failed to initialize OpenVR with code 110
[2022.12.26-21.23.48:646][  0]LogMagicLeap: Warning: VR disabled because ZI is not enabled.  To enable, in the editor, Edit -> Project Settings -> Plugins -> Magic Leap Plugin -> Enable Zero Iteration
[2022.12.26-21.23.48:647][  0]LogStats: UGameplayTagsManager::InitializeManager -  0.000 s
[2022.12.26-21.23.48:743][  0]LogInit: Initializing FReadOnlyCVARCache
[2022.12.26-21.23.48:756][  0]LogAIModule: Creating AISystem for world Untitled
[2022.12.26-21.23.48:756][  0]LogAudio: Display: Initializing Audio Device Manager...
[2022.12.26-21.23.48:762][  0]LogAudio: Display: Loading Default Audio Settings Objects...
[2022.12.26-21.23.48:763][  0]LogAudio: Display: No default SoundConcurrencyObject specified (or failed to load).
[2022.12.26-21.23.48:763][  0]LogAudio: Display: Audio Device Manager Initialized
[2022.12.26-21.23.48:763][  0]LogAudio: Display: Creating Audio Device:                 Id: 1, Scope: Shared, Realtime: True
[2022.12.26-21.23.48:763][  0]LogAudioMixer: Display: Audio Mixer Platform Settings:
[2022.12.26-21.23.48:764][  0]LogAudioMixer: Display: 	Sample Rate:						  48000
[2022.12.26-21.23.48:764][  0]LogAudioMixer: Display: 	Callback Buffer Frame Size Requested: 1024
[2022.12.26-21.23.48:764][  0]LogAudioMixer: Display: 	Callback Buffer Frame Size To Use:	  1024
[2022.12.26-21.23.48:764][  0]LogAudioMixer: Display: 	Number of buffers to queue:			  2
[2022.12.26-21.23.48:764][  0]LogAudioMixer: Display: 	Max Channels (voices):				  32
[2022.12.26-21.23.48:764][  0]LogAudioMixer: Display: 	Number of Async Source Workers:		  0
[2022.12.26-21.23.48:764][  0]LogAudio: Display: AudioDevice MaxSources: 32
[2022.12.26-21.23.48:764][  0]LogAudio: Display: Audio Spatialization Plugin: None (built-in).
[2022.12.26-21.23.48:764][  0]LogAudio: Display: Audio Reverb Plugin: None (built-in).
[2022.12.26-21.23.48:765][  0]LogAudio: Display: Audio Occlusion Plugin: None (built-in).
[2022.12.26-21.23.48:765][  0]LogAudioMixer: Display: Initializing audio mixer.
[2022.12.26-21.23.48:782][  0]LogAudioMixer: Display: 0: FrontLeft
[2022.12.26-21.23.48:782][  0]LogAudioMixer: Display: 1: FrontRight
[2022.12.26-21.23.48:797][  0]LogAudioMixer: Display: Using Audio Device Speakers (PRO X)
[2022.12.26-21.23.48:798][  0]LogAudioMixer: Display: Initializing Sound Submixes...
[2022.12.26-21.23.48:799][  0]LogAudioMixer: Display: Creating Master Submix 'MasterSubmixDefault'
[2022.12.26-21.23.48:799][  0]LogAudioMixer: Display: Creating Master Submix 'MasterReverbSubmixDefault'
[2022.12.26-21.23.48:800][  0]LogAudioMixer: Display: Creating Master Submix 'MasterEQSubmixDefault'
[2022.12.26-21.23.48:800][  0]LogAudioMixer: FMixerPlatformXAudio2::StartAudioStream() called
[2022.12.26-21.23.48:800][  0]LogAudioMixer: Display: Output buffers initialized: Frames=1024, Channels=2, Samples=2048
[2022.12.26-21.23.48:801][  0]LogAudioMixer: Display: Starting AudioMixerPlatformInterface::RunInternal()
[2022.12.26-21.23.48:801][  0]LogAudioMixer: Display: FMixerPlatformXAudio2::SubmitBuffer() called for the first time
[2022.12.26-21.23.48:801][  0]LogInit: FAudioDevice initialized.
[2022.12.26-21.23.48:801][  0]LogAudio: Display: Audio Device (ID: 1) registered with world 'Untitled'.
[2022.12.26-21.23.48:801][  0]LogNetVersion: Set ProjectVersion to 1.0.0.0. Version Checksum will be recalculated on next use.
[2022.12.26-21.23.48:850][  0]LogDerivedDataCache: Saved boot cache 0.05s 94MB C:/Users/pidoras/AppData/Local/UnrealEngine/4.27/DerivedDataCache/Boot.ddc.
[2022.12.26-21.23.48:851][  0]LogInit: Texture streaming: Enabled
[2022.12.26-21.23.48:875][  0]LogAnalytics: Display: [UEEditor.Rocket.Release] APIServer = https://datarouter.ol.epicgames.com/. AppVersion = 4.27.2-18319896+++UE4+Release-4.27
[2022.12.26-21.23.48:882][  0]LogEngineSessionManager: EngineSessionManager initialized
[2022.12.26-21.23.48:883][  0]LogEditorSessionSummary: Verbose: Initializing EditorSessionSummaryWriter for editor session tracking
[2022.12.26-21.23.48:884][  0]LogEditorSessionSummary: EditorSessionSummaryWriter initialized
[2022.12.26-21.23.48:910][  0]LogInit: Transaction tracking system initialized
[2022.12.26-21.23.48:949][  0]BlueprintLog: New page: Editor Load
[2022.12.26-21.23.49:054][  0]LocalizationService: Localization service is disabled
[2022.12.26-21.23.49:099][  0]TimingProfiler: Initialize
[2022.12.26-21.23.49:099][  0]TimingProfiler: OnSessionChanged
[2022.12.26-21.23.49:099][  0]LoadingProfiler: Initialize
[2022.12.26-21.23.49:099][  0]LoadingProfiler: OnSessionChanged
[2022.12.26-21.23.49:100][  0]NetworkingProfiler: Initialize
[2022.12.26-21.23.49:100][  0]NetworkingProfiler: OnSessionChanged
[2022.12.26-21.23.49:100][  0]MemoryProfiler: Initialize
[2022.12.26-21.23.49:100][  0]MemoryProfiler: OnSessionChanged
[2022.12.26-21.23.49:255][  0]LogCook: Display: CookSettings for Memory: MemoryMaxUsedVirtual 0MiB, MemoryMaxUsedPhysical 16384MiB, MemoryMinFreeVirtual 0MiB, MemoryMinFreePhysical 1024MiB
[2022.12.26-21.23.49:255][  0]LogCook: Display: Mobile HDR setting 1
[2022.12.26-21.23.49:500][  0]LogFileCache: Scanning file cache for directory 'E:/GIT/Snake/Snake-Game/SnakeGame/Content/' took 0.00s
[2022.12.26-21.23.49:645][  0]LogInit: Display: Engine is initialized. Leaving FEngineLoop::Init()
[2022.12.26-21.23.49:647][  0]SourceControl: Source control is disabled
[2022.12.26-21.23.49:648][  0]LogUnrealEdMisc: Loading editor; pre map load, took 7.590
[2022.12.26-21.23.49:648][  0]Cmd: MAP LOAD FILE="../../../../GIT/Snake/Snake-Game/SnakeGame/Content/Maps/Main.umap" TEMPLATE=0 SHOWPROGRESS=1 FEATURELEVEL=3
[2022.12.26-21.23.49:648][  0]LightingResults: New page: Lighting Build
[2022.12.26-21.23.49:649][  0]LogWorld: UWorld::CleanupWorld for Untitled, bSessionEnded=true, bCleanupResources=true
[2022.12.26-21.23.49:649][  0]LogSlate: InvalidateAllWidgets triggered.  All widgets were invalidated
[2022.12.26-21.23.49:650][  0]MapCheck: New page: Map Check
[2022.12.26-21.23.49:650][  0]LightingResults: New page: Lighting Build
[2022.12.26-21.23.49:658][  0]LogAudio: Display: Audio Device unregistered from world 'None'.
[2022.12.26-21.23.49:661][  0]LogUObjectHash: Compacting FUObjectHashTables data took   0.81ms
[2022.12.26-21.23.49:709][  0]LogAudio: Display: Audio Device (ID: 1) registered with world 'Main'.
[2022.12.26-21.23.49:711][  0]LogAIModule: Creating AISystem for world Main
[2022.12.26-21.23.49:715][  0]LogEditorServer: Finished looking for orphan Actors (0.000 secs)
[2022.12.26-21.23.49:727][  0]LogUObjectHash: Compacting FUObjectHashTables data took   0.85ms
[2022.12.26-21.23.49:727][  0]Cmd: MAP CHECKDEP NOCLEARLOG
[2022.12.26-21.23.49:727][  0]MapCheck: Map check complete: 0 Error(s), 0 Warning(s), took 0.174ms to complete.
[2022.12.26-21.23.49:727][  0]LogFileHelpers: Loading map 'Main' took 0.080
[2022.12.26-21.23.49:729][  0]LogUnrealEdMisc: Total Editor Startup Time, took 7.672
[2022.12.26-21.23.49:874][  0]LogSlate: Updating window title bar state: overlay mode, drag disabled, window buttons hidden, title bar hidden
[2022.12.26-21.23.49:880][  0]LogSlate: Updating window title bar state: overlay mode, drag disabled, window buttons hidden, title bar hidden
[2022.12.26-21.23.49:886][  0]LogSlate: Updating window title bar state: overlay mode, drag disabled, window buttons hidden, title bar hidden
[2022.12.26-21.23.49:891][  0]LogSlate: Updating window title bar state: overlay mode, drag disabled, window buttons hidden, title bar hidden
[2022.12.26-21.23.49:904][  0]LogNativeClassHierarchy: Verbose: Native class hierarchy populated in 0.0095 seconds. Added 3826 classes and 930 folders.
[2022.12.26-21.23.49:907][  0]LogNativeClassHierarchy: Verbose: Native class hierarchy updated for 'WidgetCarousel' in 0.0002 seconds. Added 0 classes and 0 folders.
[2022.12.26-21.23.49:909][  0]LogPakFile: PakFile PrimaryIndexSize=191
[2022.12.26-21.23.49:909][  0]LogPakFile: PakFile PathHashIndexSize=101
[2022.12.26-21.23.49:909][  0]LogPakFile: PakFile FullDirectoryIndexSize=160
[2022.12.26-21.23.49:909][  0]LogShaderLibrary: Display: ShaderCodeLibraryPakFileMountedCallback: PakFile 'E:/UE_4.27/FeaturePacks/MobileStarterContent.upack' (chunk index -1, root 'root:/') mounted
[2022.12.26-21.23.49:909][  0]LogShaderLibrary: Display: ShaderCodeLibraryPakFileMountedCallback: pending pak file info (ChunkID:-1 Root:root:/ File:E:/UE_4.27/FeaturePacks/MobileStarterContent.upack)
[2022.12.26-21.23.49:909][  0]LogPakFile: OnPakFileMounted2Time == 0.000227
[2022.12.26-21.23.49:910][  0]LogPakFile: PakFile PrimaryIndexSize=185
[2022.12.26-21.23.49:910][  0]LogPakFile: PakFile PathHashIndexSize=101
[2022.12.26-21.23.49:910][  0]LogPakFile: PakFile FullDirectoryIndexSize=148
[2022.12.26-21.23.49:910][  0]LogShaderLibrary: Display: ShaderCodeLibraryPakFileMountedCallback: PakFile 'E:/UE_4.27/FeaturePacks/StarterContent.upack' (chunk index -1, root 'root:/') mounted
[2022.12.26-21.23.49:910][  0]LogShaderLibrary: Display: ShaderCodeLibraryPakFileMountedCallback: pending pak file info (ChunkID:-1 Root:root:/ File:E:/UE_4.27/FeaturePacks/StarterContent.upack)
[2022.12.26-21.23.49:910][  0]LogPakFile: OnPakFileMounted2Time == 0.000220
[2022.12.26-21.23.49:911][  0]LogPakFile: PakFile PrimaryIndexSize=187
[2022.12.26-21.23.49:911][  0]LogPakFile: PakFile PathHashIndexSize=101
[2022.12.26-21.23.49:911][  0]LogPakFile: PakFile FullDirectoryIndexSize=148
[2022.12.26-21.23.49:911][  0]LogShaderLibrary: Display: ShaderCodeLibraryPakFileMountedCallback: PakFile 'E:/UE_4.27/FeaturePacks/FP_FirstPerson.upack' (chunk index -1, root 'root:/') mounted
[2022.12.26-21.23.49:911][  0]LogShaderLibrary: Display: ShaderCodeLibraryPakFileMountedCallback: pending pak file info (ChunkID:-1 Root:root:/ File:E:/UE_4.27/FeaturePacks/FP_FirstPerson.upack)
[2022.12.26-21.23.49:911][  0]LogPakFile: OnPakFileMounted2Time == 0.000208
[2022.12.26-21.23.49:912][  0]LogPakFile: PakFile PrimaryIndexSize=189
[2022.12.26-21.23.49:912][  0]LogPakFile: PakFile PathHashIndexSize=101
[2022.12.26-21.23.49:912][  0]LogPakFile: PakFile FullDirectoryIndexSize=152
[2022.12.26-21.23.49:912][  0]LogShaderLibrary: Display: ShaderCodeLibraryPakFileMountedCallback: PakFile 'E:/UE_4.27/FeaturePacks/FP_FirstPersonBP.upack' (chunk index -1, root 'root:/') mounted
[2022.12.26-21.23.49:912][  0]LogShaderLibrary: Display: ShaderCodeLibraryPakFileMountedCallback: pending pak file info (ChunkID:-1 Root:root:/ File:E:/UE_4.27/FeaturePacks/FP_FirstPersonBP.upack)
[2022.12.26-21.23.49:912][  0]LogPakFile: OnPakFileMounted2Time == 0.000199
[2022.12.26-21.23.49:913][  0]LogPakFile: PakFile PrimaryIndexSize=190
[2022.12.26-21.23.49:913][  0]LogPakFile: PakFile PathHashIndexSize=101
[2022.12.26-21.23.49:913][  0]LogPakFile: PakFile FullDirectoryIndexSize=154
[2022.12.26-21.23.49:913][  0]LogShaderLibrary: Display: ShaderCodeLibraryPakFileMountedCallback: PakFile 'E:/UE_4.27/FeaturePacks/TP_2DSideScroller.upack' (chunk index -1, root 'root:/') mounted
[2022.12.26-21.23.49:913][  0]LogShaderLibrary: Display: ShaderCodeLibraryPakFileMountedCallback: pending pak file info (ChunkID:-1 Root:root:/ File:E:/UE_4.27/FeaturePacks/TP_2DSideScroller.upack)
[2022.12.26-21.23.49:913][  0]LogPakFile: OnPakFileMounted2Time == 0.000166
[2022.12.26-21.23.49:914][  0]LogPakFile: PakFile PrimaryIndexSize=192
[2022.12.26-21.23.49:914][  0]LogPakFile: PakFile PathHashIndexSize=101
[2022.12.26-21.23.49:914][  0]LogPakFile: PakFile FullDirectoryIndexSize=158
[2022.12.26-21.23.49:914][  0]LogShaderLibrary: Display: ShaderCodeLibraryPakFileMountedCallback: PakFile 'E:/UE_4.27/FeaturePacks/TP_2DSideScrollerBP.upack' (chunk index -1, root 'root:/') mounted
[2022.12.26-21.23.49:914][  0]LogShaderLibrary: Display: ShaderCodeLibraryPakFileMountedCallback: pending pak file info (ChunkID:-1 Root:root:/ File:E:/UE_4.27/FeaturePacks/TP_2DSideScrollerBP.upack)
[2022.12.26-21.23.49:914][  0]LogPakFile: OnPakFileMounted2Time == 0.000193
[2022.12.26-21.23.49:915][  0]LogPakFile: PakFile PrimaryIndexSize=182
[2022.12.26-21.23.49:915][  0]LogPakFile: PakFile PathHashIndexSize=101
[2022.12.26-21.23.49:915][  0]LogPakFile: PakFile FullDirectoryIndexSize=138
[2022.12.26-21.23.49:915][  0]LogShaderLibrary: Display: ShaderCodeLibraryPakFileMountedCallback: PakFile 'E:/UE_4.27/FeaturePacks/TP_Flying.upack' (chunk index -1, root 'root:/') mounted
[2022.12.26-21.23.49:915][  0]LogShaderLibrary: Display: ShaderCodeLibraryPakFileMountedCallback: pending pak file info (ChunkID:-1 Root:root:/ File:E:/UE_4.27/FeaturePacks/TP_Flying.upack)
[2022.12.26-21.23.49:915][  0]LogPakFile: OnPakFileMounted2Time == 0.000184
[2022.12.26-21.23.49:915][  0]LogPakFile: PakFile PrimaryIndexSize=184
[2022.12.26-21.23.49:916][  0]LogPakFile: PakFile PathHashIndexSize=101
[2022.12.26-21.23.49:916][  0]LogPakFile: PakFile FullDirectoryIndexSize=142
[2022.12.26-21.23.49:916][  0]LogShaderLibrary: Display: ShaderCodeLibraryPakFileMountedCallback: PakFile 'E:/UE_4.27/FeaturePacks/TP_FlyingBP.upack' (chunk index -1, root 'root:/') mounted
[2022.12.26-21.23.49:916][  0]LogShaderLibrary: Display: ShaderCodeLibraryPakFileMountedCallback: pending pak file info (ChunkID:-1 Root:root:/ File:E:/UE_4.27/FeaturePacks/TP_FlyingBP.upack)
[2022.12.26-21.23.49:916][  0]LogPakFile: OnPakFileMounted2Time == 0.000193
[2022.12.26-21.23.49:916][  0]LogPakFile: PakFile PrimaryIndexSize=188
[2022.12.26-21.23.49:916][  0]LogPakFile: PakFile PathHashIndexSize=101
[2022.12.26-21.23.49:917][  0]LogPakFile: PakFile FullDirectoryIndexSize=150
[2022.12.26-21.23.49:917][  0]LogShaderLibrary: Display: ShaderCodeLibraryPakFileMountedCallback: PakFile 'E:/UE_4.27/FeaturePacks/TP_HandheldARBP.upack' (chunk index -1, root 'root:/') mounted
[2022.12.26-21.23.49:917][  0]LogShaderLibrary: Display: ShaderCodeLibraryPakFileMountedCallback: pending pak file info (ChunkID:-1 Root:root:/ File:E:/UE_4.27/FeaturePacks/TP_HandheldARBP.upack)
[2022.12.26-21.23.49:917][  0]LogPakFile: OnPakFileMounted2Time == 0.000188
[2022.12.26-21.23.49:917][  0]LogPakFile: PakFile PrimaryIndexSize=182
[2022.12.26-21.23.49:918][  0]LogPakFile: PakFile PathHashIndexSize=101
[2022.12.26-21.23.49:918][  0]LogPakFile: PakFile FullDirectoryIndexSize=138
[2022.12.26-21.23.49:918][  0]LogShaderLibrary: Display: ShaderCodeLibraryPakFileMountedCallback: PakFile 'E:/UE_4.27/FeaturePacks/TP_Puzzle.upack' (chunk index -1, root 'root:/') mounted
[2022.12.26-21.23.49:918][  0]LogShaderLibrary: Display: ShaderCodeLibraryPakFileMountedCallback: pending pak file info (ChunkID:-1 Root:root:/ File:E:/UE_4.27/FeaturePacks/TP_Puzzle.upack)
[2022.12.26-21.23.49:918][  0]LogPakFile: OnPakFileMounted2Time == 0.000166
[2022.12.26-21.23.49:918][  0]LogPakFile: PakFile PrimaryIndexSize=184
[2022.12.26-21.23.49:918][  0]LogPakFile: PakFile PathHashIndexSize=101
[2022.12.26-21.23.49:919][  0]LogPakFile: PakFile FullDirectoryIndexSize=142
[2022.12.26-21.23.49:919][  0]LogShaderLibrary: Display: ShaderCodeLibraryPakFileMountedCallback: PakFile 'E:/UE_4.27/FeaturePacks/TP_PuzzleBP.upack' (chunk index -1, root 'root:/') mounted
[2022.12.26-21.23.49:919][  0]LogShaderLibrary: Display: ShaderCodeLibraryPakFileMountedCallback: pending pak file info (ChunkID:-1 Root:root:/ File:E:/UE_4.27/FeaturePacks/TP_PuzzleBP.upack)
[2022.12.26-21.23.49:919][  0]LogPakFile: OnPakFileMounted2Time == 0.000158
[2022.12.26-21.23.49:919][  0]LogPakFile: PakFile PrimaryIndexSize=183
[2022.12.26-21.23.49:919][  0]LogPakFile: PakFile PathHashIndexSize=101
[2022.12.26-21.23.49:919][  0]LogPakFile: PakFile FullDirectoryIndexSize=140
[2022.12.26-21.23.49:919][  0]LogShaderLibrary: Display: ShaderCodeLibraryPakFileMountedCallback: PakFile 'E:/UE_4.27/FeaturePacks/TP_Rolling.upack' (chunk index -1, root 'root:/') mounted
[2022.12.26-21.23.49:920][  0]LogShaderLibrary: Display: ShaderCodeLibraryPakFileMountedCallback: pending pak file info (ChunkID:-1 Root:root:/ File:E:/UE_4.27/FeaturePacks/TP_Rolling.upack)
[2022.12.26-21.23.49:920][  0]LogPakFile: OnPakFileMounted2Time == 0.000191
[2022.12.26-21.23.49:920][  0]LogPakFile: PakFile PrimaryIndexSize=185
[2022.12.26-21.23.49:920][  0]LogPakFile: PakFile PathHashIndexSize=101
[2022.12.26-21.23.49:920][  0]LogPakFile: PakFile FullDirectoryIndexSize=144
[2022.12.26-21.23.49:920][  0]LogShaderLibrary: Display: ShaderCodeLibraryPakFileMountedCallback: PakFile 'E:/UE_4.27/FeaturePacks/TP_RollingBP.upack' (chunk index -1, root 'root:/') mounted
[2022.12.26-21.23.49:920][  0]LogShaderLibrary: Display: ShaderCodeLibraryPakFileMountedCallback: pending pak file info (ChunkID:-1 Root:root:/ File:E:/UE_4.27/FeaturePacks/TP_RollingBP.upack)
[2022.12.26-21.23.49:921][  0]LogPakFile: OnPakFileMounted2Time == 0.000177
[2022.12.26-21.23.49:921][  0]LogPakFile: PakFile PrimaryIndexSize=188
[2022.12.26-21.23.49:921][  0]LogPakFile: PakFile PathHashIndexSize=101
[2022.12.26-21.23.49:921][  0]LogPakFile: PakFile FullDirectoryIndexSize=150
[2022.12.26-21.23.49:921][  0]LogShaderLibrary: Display: ShaderCodeLibraryPakFileMountedCallback: PakFile 'E:/UE_4.27/FeaturePacks/TP_SideScroller.upack' (chunk index -1, root 'root:/') mounted
[2022.12.26-21.23.49:921][  0]LogShaderLibrary: Display: ShaderCodeLibraryPakFileMountedCallback: pending pak file info (ChunkID:-1 Root:root:/ File:E:/UE_4.27/FeaturePacks/TP_SideScroller.upack)
[2022.12.26-21.23.49:921][  0]LogPakFile: OnPakFileMounted2Time == 0.000200
[2022.12.26-21.23.49:922][  0]LogPakFile: PakFile PrimaryIndexSize=190
[2022.12.26-21.23.49:922][  0]LogPakFile: PakFile PathHashIndexSize=101
[2022.12.26-21.23.49:922][  0]LogPakFile: PakFile FullDirectoryIndexSize=154
[2022.12.26-21.23.49:922][  0]LogShaderLibrary: Display: ShaderCodeLibraryPakFileMountedCallback: PakFile 'E:/UE_4.27/FeaturePacks/TP_SideScrollerBP.upack' (chunk index -1, root 'root:/') mounted
[2022.12.26-21.23.49:922][  0]LogShaderLibrary: Display: ShaderCodeLibraryPakFileMountedCallback: pending pak file info (ChunkID:-1 Root:root:/ File:E:/UE_4.27/FeaturePacks/TP_SideScrollerBP.upack)
[2022.12.26-21.23.49:922][  0]LogPakFile: OnPakFileMounted2Time == 0.000214
[2022.12.26-21.23.49:923][  0]LogPakFile: PakFile PrimaryIndexSize=187
[2022.12.26-21.23.49:923][  0]LogPakFile: PakFile PathHashIndexSize=101
[2022.12.26-21.23.49:923][  0]LogPakFile: PakFile FullDirectoryIndexSize=148
[2022.12.26-21.23.49:923][  0]LogShaderLibrary: Display: ShaderCodeLibraryPakFileMountedCallback: PakFile 'E:/UE_4.27/FeaturePacks/TP_ThirdPerson.upack' (chunk index -1, root 'root:/') mounted
[2022.12.26-21.23.49:923][  0]LogShaderLibrary: Display: ShaderCodeLibraryPakFileMountedCallback: pending pak file info (ChunkID:-1 Root:root:/ File:E:/UE_4.27/FeaturePacks/TP_ThirdPerson.upack)
[2022.12.26-21.23.49:923][  0]LogPakFile: OnPakFileMounted2Time == 0.000208
[2022.12.26-21.23.49:924][  0]LogPakFile: PakFile PrimaryIndexSize=189
[2022.12.26-21.23.49:924][  0]LogPakFile: PakFile PathHashIndexSize=101
[2022.12.26-21.23.49:924][  0]LogPakFile: PakFile FullDirectoryIndexSize=152
[2022.12.26-21.23.49:924][  0]LogShaderLibrary: Display: ShaderCodeLibraryPakFileMountedCallback: PakFile 'E:/UE_4.27/FeaturePacks/TP_ThirdPersonBP.upack' (chunk index -1, root 'root:/') mounted
[2022.12.26-21.23.49:924][  0]LogShaderLibrary: Display: ShaderCodeLibraryPakFileMountedCallback: pending pak file info (ChunkID:-1 Root:root:/ File:E:/UE_4.27/FeaturePacks/TP_ThirdPersonBP.upack)
[2022.12.26-21.23.49:924][  0]LogPakFile: OnPakFileMounted2Time == 0.000175
[2022.12.26-21.23.49:925][  0]LogPakFile: PakFile PrimaryIndexSize=183
[2022.12.26-21.23.49:925][  0]LogPakFile: PakFile PathHashIndexSize=101
[2022.12.26-21.23.49:925][  0]LogPakFile: PakFile FullDirectoryIndexSize=140
[2022.12.26-21.23.49:925][  0]LogShaderLibrary: Display: ShaderCodeLibraryPakFileMountedCallback: PakFile 'E:/UE_4.27/FeaturePacks/TP_TopDown.upack' (chunk index -1, root 'root:/') mounted
[2022.12.26-21.23.49:925][  0]LogShaderLibrary: Display: ShaderCodeLibraryPakFileMountedCallback: pending pak file info (ChunkID:-1 Root:root:/ File:E:/UE_4.27/FeaturePacks/TP_TopDown.upack)
[2022.12.26-21.23.49:925][  0]LogPakFile: OnPakFileMounted2Time == 0.000182
[2022.12.26-21.23.49:926][  0]LogPakFile: PakFile PrimaryIndexSize=185
[2022.12.26-21.23.49:926][  0]LogPakFile: PakFile PathHashIndexSize=101
[2022.12.26-21.23.49:926][  0]LogPakFile: PakFile FullDirectoryIndexSize=144
[2022.12.26-21.23.49:926][  0]LogShaderLibrary: Display: ShaderCodeLibraryPakFileMountedCallback: PakFile 'E:/UE_4.27/FeaturePacks/TP_TopDownBP.upack' (chunk index -1, root 'root:/') mounted
[2022.12.26-21.23.49:926][  0]LogShaderLibrary: Display: ShaderCodeLibraryPakFileMountedCallback: pending pak file info (ChunkID:-1 Root:root:/ File:E:/UE_4.27/FeaturePacks/TP_TopDownBP.upack)
[2022.12.26-21.23.49:926][  0]LogPakFile: OnPakFileMounted2Time == 0.000184
[2022.12.26-21.23.49:927][  0]LogPakFile: PakFile PrimaryIndexSize=185
[2022.12.26-21.23.49:927][  0]LogPakFile: PakFile PathHashIndexSize=101
[2022.12.26-21.23.49:927][  0]LogPakFile: PakFile FullDirectoryIndexSize=144
[2022.12.26-21.23.49:927][  0]LogShaderLibrary: Display: ShaderCodeLibraryPakFileMountedCallback: PakFile 'E:/UE_4.27/FeaturePacks/TP_TwinStick.upack' (chunk index -1, root 'root:/') mounted
[2022.12.26-21.23.49:927][  0]LogShaderLibrary: Display: ShaderCodeLibraryPakFileMountedCallback: pending pak file info (ChunkID:-1 Root:root:/ File:E:/UE_4.27/FeaturePacks/TP_TwinStick.upack)
[2022.12.26-21.23.49:927][  0]LogPakFile: OnPakFileMounted2Time == 0.000180
[2022.12.26-21.23.49:928][  0]LogPakFile: PakFile PrimaryIndexSize=187
[2022.12.26-21.23.49:928][  0]LogPakFile: PakFile PathHashIndexSize=101
[2022.12.26-21.23.49:928][  0]LogPakFile: PakFile FullDirectoryIndexSize=148
[2022.12.26-21.23.49:928][  0]LogShaderLibrary: Display: ShaderCodeLibraryPakFileMountedCallback: PakFile 'E:/UE_4.27/FeaturePacks/TP_TwinStickBP.upack' (chunk index -1, root 'root:/') mounted
[2022.12.26-21.23.49:928][  0]LogShaderLibrary: Display: ShaderCodeLibraryPakFileMountedCallback: pending pak file info (ChunkID:-1 Root:root:/ File:E:/UE_4.27/FeaturePacks/TP_TwinStickBP.upack)
[2022.12.26-21.23.49:928][  0]LogPakFile: OnPakFileMounted2Time == 0.000177
[2022.12.26-21.23.49:929][  0]LogPakFile: PakFile PrimaryIndexSize=183
[2022.12.26-21.23.49:929][  0]LogPakFile: PakFile PathHashIndexSize=101
[2022.12.26-21.23.49:929][  0]LogPakFile: PakFile FullDirectoryIndexSize=140
[2022.12.26-21.23.49:929][  0]LogShaderLibrary: Display: ShaderCodeLibraryPakFileMountedCallback: PakFile 'E:/UE_4.27/FeaturePacks/TP_Vehicle.upack' (chunk index -1, root 'root:/') mounted
[2022.12.26-21.23.49:929][  0]LogShaderLibrary: Display: ShaderCodeLibraryPakFileMountedCallback: pending pak file info (ChunkID:-1 Root:root:/ File:E:/UE_4.27/FeaturePacks/TP_Vehicle.upack)
[2022.12.26-21.23.49:929][  0]LogPakFile: OnPakFileMounted2Time == 0.000182
[2022.12.26-21.23.49:930][  0]LogPakFile: PakFile PrimaryIndexSize=186
[2022.12.26-21.23.49:930][  0]LogPakFile: PakFile PathHashIndexSize=101
[2022.12.26-21.23.49:930][  0]LogPakFile: PakFile FullDirectoryIndexSize=146
[2022.12.26-21.23.49:930][  0]LogShaderLibrary: Display: ShaderCodeLibraryPakFileMountedCallback: PakFile 'E:/UE_4.27/FeaturePacks/TP_VehicleAdv.upack' (chunk index -1, root 'root:/') mounted
[2022.12.26-21.23.49:930][  0]LogShaderLibrary: Display: ShaderCodeLibraryPakFileMountedCallback: pending pak file info (ChunkID:-1 Root:root:/ File:E:/UE_4.27/FeaturePacks/TP_VehicleAdv.upack)
[2022.12.26-21.23.49:930][  0]LogPakFile: OnPakFileMounted2Time == 0.000170
[2022.12.26-21.23.49:931][  0]LogPakFile: PakFile PrimaryIndexSize=188
[2022.12.26-21.23.49:931][  0]LogPakFile: PakFile PathHashIndexSize=101
[2022.12.26-21.23.49:931][  0]LogPakFile: PakFile FullDirectoryIndexSize=150
[2022.12.26-21.23.49:931][  0]LogShaderLibrary: Display: ShaderCodeLibraryPakFileMountedCallback: PakFile 'E:/UE_4.27/FeaturePacks/TP_VehicleAdvBP.upack' (chunk index -1, root 'root:/') mounted
[2022.12.26-21.23.49:931][  0]LogShaderLibrary: Display: ShaderCodeLibraryPakFileMountedCallback: pending pak file info (ChunkID:-1 Root:root:/ File:E:/UE_4.27/FeaturePacks/TP_VehicleAdvBP.upack)
[2022.12.26-21.23.49:931][  0]LogPakFile: OnPakFileMounted2Time == 0.000190
[2022.12.26-21.23.49:932][  0]LogPakFile: PakFile PrimaryIndexSize=185
[2022.12.26-21.23.49:932][  0]LogPakFile: PakFile PathHashIndexSize=101
[2022.12.26-21.23.49:932][  0]LogPakFile: PakFile FullDirectoryIndexSize=144
[2022.12.26-21.23.49:932][  0]LogShaderLibrary: Display: ShaderCodeLibraryPakFileMountedCallback: PakFile 'E:/UE_4.27/FeaturePacks/TP_VehicleBP.upack' (chunk index -1, root 'root:/') mounted
[2022.12.26-21.23.49:932][  0]LogShaderLibrary: Display: ShaderCodeLibraryPakFileMountedCallback: pending pak file info (ChunkID:-1 Root:root:/ File:E:/UE_4.27/FeaturePacks/TP_VehicleBP.upack)
[2022.12.26-21.23.49:932][  0]LogPakFile: OnPakFileMounted2Time == 0.000175
[2022.12.26-21.23.49:932][  0]LogPakFile: PakFile PrimaryIndexSize=192
[2022.12.26-21.23.49:933][  0]LogPakFile: PakFile PathHashIndexSize=101
[2022.12.26-21.23.49:933][  0]LogPakFile: PakFile FullDirectoryIndexSize=158
[2022.12.26-21.23.49:933][  0]LogShaderLibrary: Display: ShaderCodeLibraryPakFileMountedCallback: PakFile 'E:/UE_4.27/FeaturePacks/TP_VirtualRealityBP.upack' (chunk index -1, root 'root:/') mounted
[2022.12.26-21.23.49:933][  0]LogShaderLibrary: Display: ShaderCodeLibraryPakFileMountedCallback: pending pak file info (ChunkID:-1 Root:root:/ File:E:/UE_4.27/FeaturePacks/TP_VirtualRealityBP.upack)
[2022.12.26-21.23.49:933][  0]LogPakFile: OnPakFileMounted2Time == 0.000212
[2022.12.26-21.23.49:966][  0]LogNativeClassHierarchy: Verbose: Native class hierarchy updated for 'AddContentDialog' in 0.0002 seconds. Added 0 classes and 0 folders.
[2022.12.26-21.23.50:042][  0]LogSlate: Took 0.000162 seconds to synchronously load lazily loaded font '../../../Engine/Content/Slate/Fonts/Roboto-Regular.ttf' (155K)
[2022.12.26-21.23.50:043][  0]LogSlate: Took 0.000127 seconds to synchronously load lazily loaded font '../../../Engine/Content/Editor/Slate/Fonts/FontAwesome.ttf' (139K)
[2022.12.26-21.23.50:046][  0]LogSlate: Took 0.000196 seconds to synchronously load lazily loaded font '../../../Engine/Content/Slate/Fonts/Roboto-Bold.ttf' (160K)
[2022.12.26-21.23.50:104][  0]LogRenderer: Reallocating scene render targets to support 1224x568 Format 10 NumSamples 1 (Frame:1).
[2022.12.26-21.23.50:182][  0]LogNativeClassHierarchy: Verbose: Native class hierarchy updated for 'HierarchicalLODOutliner' in 0.0003 seconds. Added 0 classes and 0 folders.
[2022.12.26-21.23.50:183][  0]LogLoad: (Engine Initialization) Total time: 8.13 seconds
[2022.12.26-21.23.50:183][  0]LogLoad: (Engine Initialization) Total Blueprint compile time: 0.00 seconds
[2022.12.26-21.23.50:222][  0]LogAssetRegistry: Asset discovery search completed in 4.6556 seconds
[2022.12.26-21.23.50:227][  0]LogCollectionManager: Fixed up redirectors for 0 collections in 0.000003 seconds (updated 0 objects)
[2022.12.26-21.23.50:229][  0]LogContentStreaming: Texture pool size now 1000 MB
[2022.12.26-21.23.50:303][  7]LogSlate: Took 0.000143 seconds to synchronously load lazily loaded font '../../../Engine/Content/Slate/Fonts/Roboto-Light.ttf' (167K)
[2022.12.26-21.24.38:976][207]LogTemp: Repeating last play command: Selected Viewport
[2022.12.26-21.24.38:985][207]LogPlayLevel: PlayLevel: No blueprints needed recompiling
[2022.12.26-21.24.38:985][207]PIE: New page: PIE session: Main (26 Dec 2022, 23:24:38)
[2022.12.26-21.24.38:986][207]LogOnline: OSS: Creating online subsystem instance for: NULL
[2022.12.26-21.24.38:988][207]LogOnline: OSS: TryLoadSubsystemAndSetDefault: Loaded subsystem for module [NULL]
[2022.12.26-21.24.38:988][207]LogPlayLevel: Creating play world package: /Game/Maps/UEDPIE_0_Main
[2022.12.26-21.24.38:990][207]LogPlayLevel: PIE: StaticDuplicateObject took: (0.002091s)
[2022.12.26-21.24.38:991][207]LogAIModule: Creating AISystem for world Main
[2022.12.26-21.24.38:991][207]LogPlayLevel: PIE: World Init took: (0.001198s)
[2022.12.26-21.24.38:991][207]LogPlayLevel: PIE: Created PIE world by copying editor world from /Game/Maps/Main.Main to /Game/Maps/UEDPIE_0_Main.Main (0.003688s)
[2022.12.26-21.24.38:997][207]LogUObjectHash: Compacting FUObjectHashTables data took   0.71ms
[2022.12.26-21.24.38:999][207]LogAudio: Display: Creating Audio Device:                 Id: 2, Scope: Unique, Realtime: True
[2022.12.26-21.24.38:999][207]LogAudioMixer: Display: Audio Mixer Platform Settings:
[2022.12.26-21.24.38:999][207]LogAudioMixer: Display: 	Sample Rate:						  48000
[2022.12.26-21.24.39:000][207]LogAudioMixer: Display: 	Callback Buffer Frame Size Requested: 1024
[2022.12.26-21.24.39:000][207]LogAudioMixer: Display: 	Callback Buffer Frame Size To Use:	  1024
[2022.12.26-21.24.39:000][207]LogAudioMixer: Display: 	Number of buffers to queue:			  2
[2022.12.26-21.24.39:000][207]LogAudioMixer: Display: 	Max Channels (voices):				  32
[2022.12.26-21.24.39:000][207]LogAudioMixer: Display: 	Number of Async Source Workers:		  0
[2022.12.26-21.24.39:000][207]LogAudio: Display: AudioDevice MaxSources: 32
[2022.12.26-21.24.39:000][207]LogAudio: Display: Audio Spatialization Plugin: None (built-in).
[2022.12.26-21.24.39:000][207]LogAudio: Display: Audio Reverb Plugin: None (built-in).
[2022.12.26-21.24.39:001][207]LogAudio: Display: Audio Occlusion Plugin: None (built-in).
[2022.12.26-21.24.39:001][207]LogAudioMixer: Display: Initializing audio mixer.
